Using pre-set license
Built from '2021.3/staging' branch; Version is '2021.3.8f1 (b30333d56e81) revision 11731763'; Using compiler version '192829333'; Build Type 'Release'
OS: 'Windows 10  (10.0.19043) 64bit Professional' Language: 'en' Physical Memory: 16304 MB
BatchMode: 1, IsHumanControllingUs: 0, StartBugReporterOnCrash: 0, Is64bit: 1, IsPro: 1

COMMAND LINE ARGUMENTS:
D:\UnityHub\Unity\2021.3.8f1\Editor\Unity.exe
-adb2
-batchMode
-noUpm
-name
AssetImportWorker0
-projectPath
D:/MyGames/New/Space Miner
-logFile
Logs/AssetImportWorker0.log
-srvPort
58577
Successfully changed project path to: D:/MyGames/New/Space Miner
D:/MyGames/New/Space Miner
[UnityMemory] Configuration Parameters - Can be set up in boot.config
    "memorysetup-bucket-allocator-granularity=16"
    "memorysetup-bucket-allocator-bucket-count=8"
    "memorysetup-bucket-allocator-block-size=33554432"
    "memorysetup-bucket-allocator-block-count=8"
    "memorysetup-main-allocator-block-size=16777216"
    "memorysetup-thread-allocator-block-size=16777216"
    "memorysetup-gfx-main-allocator-block-size=16777216"
    "memorysetup-gfx-thread-allocator-block-size=16777216"
    "memorysetup-cache-allocator-block-size=4194304"
    "memorysetup-typetree-allocator-block-size=2097152"
    "memorysetup-profiler-bucket-allocator-granularity=16"
    "memorysetup-profiler-bucket-allocator-bucket-count=8"
    "memorysetup-profiler-bucket-allocator-block-size=33554432"
    "memorysetup-profiler-bucket-allocator-block-count=8"
    "memorysetup-profiler-allocator-block-size=16777216"
    "memorysetup-profiler-editor-allocator-block-size=1048576"
    "memorysetup-temp-allocator-size-main=16777216"
    "memorysetup-job-temp-allocator-block-size=2097152"
    "memorysetup-job-temp-allocator-block-size-background=1048576"
    "memorysetup-job-temp-allocator-reduction-small-platforms=262144"
    "memorysetup-temp-allocator-size-background-worker=32768"
    "memorysetup-temp-allocator-size-job-worker=262144"
    "memorysetup-temp-allocator-size-preload-manager=33554432"
    "memorysetup-temp-allocator-size-nav-mesh-worker=65536"
    "memorysetup-temp-allocator-size-audio-worker=65536"
    "memorysetup-temp-allocator-size-cloud-worker=32768"
    "memorysetup-temp-allocator-size-gi-baking-worker=262144"
    "memorysetup-temp-allocator-size-gfx=262144"
Refreshing native plugins compatible for Editor in 206.77 ms, found 4 plugins.
Preloading 0 native plugins for Editor in 0.00 ms.
Initialize engine version: 2021.3.8f1 (b30333d56e81)
[Subsystems] Discovering subsystems at path D:/UnityHub/Unity/2021.3.8f1/Editor/Data/Resources/UnitySubsystems
[Subsystems] Discovering subsystems at path D:/MyGames/New/Space Miner/Assets
GfxDevice: creating device client; threaded=0; jobified=0
Direct3D:
    Version:  Direct3D 11.0 [level 11.0]
    Renderer: NVIDIA GeForce GTX 750 Ti (ID=0x1380)
    Vendor:   NVIDIA
    VRAM:     2007 MB
    Driver:   30.0.15.1215
Initialize mono
Mono path[0] = 'D:/UnityHub/Unity/2021.3.8f1/Editor/Data/Managed'
Mono path[1] = 'D:/UnityHub/Unity/2021.3.8f1/Editor/Data/MonoBleedingEdge/lib/mono/unityjit-win32'
Mono config path = 'D:/UnityHub/Unity/2021.3.8f1/Editor/Data/MonoBleedingEdge/etc'
Using monoOptions --debugger-agent=transport=dt_socket,embedding=1,server=y,suspend=n,address=127.0.0.1:56480
Begin MonoManager ReloadAssembly
Registering precompiled unity dll's ...
Register platform support module: D:/UnityHub/Unity/2021.3.8f1/Editor/Data/PlaybackEngines/AndroidPlayer/UnityEditor.Android.Extensions.dll
Register platform support module: D:/UnityHub/Unity/2021.3.8f1/Editor/Data/PlaybackEngines/WindowsStandaloneSupport/UnityEditor.WindowsStandalone.Extensions.dll
Registered in 0.006599 seconds.
Native extension for WindowsStandalone target not found
Native extension for Android target not found
Refreshing native plugins compatible for Editor in 181.85 ms, found 4 plugins.
Preloading 0 native plugins for Editor in 0.00 ms.
Mono: successfully reloaded assembly
- Completed reload, in  1.281 seconds
Domain Reload Profiling:
	ReloadAssembly (1282ms)
		BeginReloadAssembly (128ms)
			ExecutionOrderSort (0ms)
			DisableScriptedObjects (0ms)
			BackupInstance (0ms)
			ReleaseScriptingObjects (0ms)
			CreateAndSetChildDomain (1ms)
		EndReloadAssembly (950ms)
			LoadAssemblies (126ms)
			RebuildTransferFunctionScriptingTraits (0ms)
			SetupTypeCache (203ms)
			ReleaseScriptCaches (0ms)
			RebuildScriptCaches (55ms)
			SetupLoadedEditorAssemblies (598ms)
				LogAssemblyErrors (0ms)
				InitializePlatformSupportModulesInManaged (134ms)
				SetLoadedEditorAssemblies (0ms)
				RefreshPlugins (182ms)
				BeforeProcessingInitializeOnLoad (2ms)
				ProcessInitializeOnLoadAttributes (190ms)
				ProcessInitializeOnLoadMethodAttributes (90ms)
				AfterProcessingInitializeOnLoad (0ms)
				EditorAssembliesLoaded (0ms)
			ExecutionOrderSort2 (0ms)
			AwakeInstancesAfterBackupRestoration (0ms)
Platform modules already initialized, skipping
Registering precompiled user dll's ...
Registered in 0.010899 seconds.
Begin MonoManager ReloadAssembly
Symbol file LoadedFromMemory doesn't match image D:\MyGames\New\Space Miner\Library\PackageCache\com.unity.visualscripting@1.7.8\Editor\VisualScripting.Core\Dependencies\YamlDotNet\Unity.VisualScripting.YamlDotNet.dll
Symbol file LoadedFromMemory doesn't match image D:\MyGames\New\Space Miner\Library\PackageCache\com.unity.visualscripting@1.7.8\Editor\VisualScripting.Core\Dependencies\DotNetZip\Unity.VisualScripting.IonicZip.dll
Native extension for WindowsStandalone target not found
Native extension for Android target not found
Refreshing native plugins compatible for Editor in 213.92 ms, found 4 plugins.
Preloading 0 native plugins for Editor in 0.00 ms.
Mono: successfully reloaded assembly
- Completed reload, in  2.379 seconds
Domain Reload Profiling:
	ReloadAssembly (2380ms)
		BeginReloadAssembly (333ms)
			ExecutionOrderSort (0ms)
			DisableScriptedObjects (12ms)
			BackupInstance (0ms)
			ReleaseScriptingObjects (0ms)
			CreateAndSetChildDomain (155ms)
		EndReloadAssembly (1832ms)
			LoadAssemblies (159ms)
			RebuildTransferFunctionScriptingTraits (0ms)
			SetupTypeCache (495ms)
			ReleaseScriptCaches (1ms)
			RebuildScriptCaches (114ms)
			SetupLoadedEditorAssemblies (981ms)
				LogAssemblyErrors (0ms)
				InitializePlatformSupportModulesInManaged (26ms)
				SetLoadedEditorAssemblies (0ms)
				RefreshPlugins (214ms)
				BeforeProcessingInitializeOnLoad (197ms)
				ProcessInitializeOnLoadAttributes (459ms)
				ProcessInitializeOnLoadMethodAttributes (78ms)
				AfterProcessingInitializeOnLoad (6ms)
				EditorAssembliesLoaded (0ms)
			ExecutionOrderSort2 (0ms)
			AwakeInstancesAfterBackupRestoration (13ms)
Platform modules already initialized, skipping
========================================================================
Worker process is ready to serve import requests
Launched and connected shader compiler UnityShaderCompiler.exe after 0.08 seconds
Refreshing native plugins compatible for Editor in 1.19 ms, found 4 plugins.
Preloading 0 native plugins for Editor in 0.00 ms.
Unloading 4130 Unused Serialized files (Serialized files now loaded: 0)
Unloading 44 unused Assets / (222.5 KB). Loaded Objects now: 4584.
Memory consumption went from 155.0 MB to 154.8 MB.
Total: 5.659200 ms (FindLiveObjects: 0.474500 ms CreateObjectMapping: 0.264300 ms MarkObjects: 4.654900 ms  DeleteObjects: 0.263900 ms)

AssetImportParameters requested are different than current active one (requested -> active):
  custom:video-decoder-ogg-theora: a1e56fd34408186e4bbccfd4996cb3dc -> 
  custom:container-muxer-webm: aa71ff27fc2769a1b78a27578f13a17b -> 
  custom:container-demuxer-webm: 4f35f7cbe854078d1ac9338744f61a02 -> 
  custom:video-encoder-webm-vp8: eb34c28f22e8b96e1ab97ce403110664 -> 
  custom:audio-encoder-webm-vorbis: bf7c407c2cedff20999df2af8eb42d56 -> 
  custom:framework-win-MediaFoundation: 216162199b28c13a410421893ffa2e32 -> 
  custom:container-demuxer-ogg: 62fdf1f143b41e24485cea50d1cbac27 -> 
  custom:video-decoder-webm-vp8: 9c59270c3fd7afecdb556c50c9e8de78 -> 
  custom:audio-decoder-ogg-vorbis: bf7c407c2cedff20999df2af8eb42d56 -> 
========================================================================
Received Import Request.
  Time since last request: 700669.421881 seconds.
  path: Assets/GameManager.cs
  artifactKey: Guid(330af812fc9123d4792e1d2b29c509d0) Importer(815301076,1909f56bfc062723c751e8b465ee728b)
Start importing Assets/GameManager.cs using Guid(330af812fc9123d4792e1d2b29c509d0) Importer(815301076,1909f56bfc062723c751e8b465ee728b)  -> (artifact id: '745905562f524887208159d79e6fb08e') in 0.113762 seconds 
========================================================================
Received Import Request.
  Time since last request: 0.540597 seconds.
  path: Assets/SceneLoader.cs
  artifactKey: Guid(630aae67eed4ba440b16e61c8400a098) Importer(815301076,1909f56bfc062723c751e8b465ee728b)
Start importing Assets/SceneLoader.cs using Guid(630aae67eed4ba440b16e61c8400a098) Importer(815301076,1909f56bfc062723c751e8b465ee728b)  -> (artifact id: 'db891e078ea6a31cff4a47e3b88a5403') in 0.007358 seconds 
========================================================================
Received Prepare
Registering precompiled user dll's ...
Registered in 0.013997 seconds.
Begin MonoManager ReloadAssembly
Symbol file LoadedFromMemory doesn't match image D:\MyGames\New\Space Miner\Library\PackageCache\com.unity.visualscripting@1.7.8\Editor\VisualScripting.Core\Dependencies\YamlDotNet\Unity.VisualScripting.YamlDotNet.dll
Symbol file LoadedFromMemory doesn't match image D:\MyGames\New\Space Miner\Library\PackageCache\com.unity.visualscripting@1.7.8\Editor\VisualScripting.Core\Dependencies\DotNetZip\Unity.VisualScripting.IonicZip.dll
Native extension for WindowsStandalone target not found
Native extension for Android target not found
Refreshing native plugins compatible for Editor in 0.92 ms, found 4 plugins.
Preloading 0 native plugins for Editor in 0.00 ms.
Mono: successfully reloaded assembly
- Completed reload, in  1.764 seconds
Domain Reload Profiling:
	ReloadAssembly (1765ms)
		BeginReloadAssembly (188ms)
			ExecutionOrderSort (0ms)
			DisableScriptedObjects (13ms)
			BackupInstance (0ms)
			ReleaseScriptingObjects (0ms)
			CreateAndSetChildDomain (52ms)
		EndReloadAssembly (1412ms)
			LoadAssemblies (124ms)
			RebuildTransferFunctionScriptingTraits (0ms)
			SetupTypeCache (448ms)
			ReleaseScriptCaches (2ms)
			RebuildScriptCaches (77ms)
			SetupLoadedEditorAssemblies (652ms)
				LogAssemblyErrors (0ms)
				InitializePlatformSupportModulesInManaged (31ms)
				SetLoadedEditorAssemblies (1ms)
				RefreshPlugins (1ms)
				BeforeProcessingInitializeOnLoad (118ms)
				ProcessInitializeOnLoadAttributes (414ms)
				ProcessInitializeOnLoadMethodAttributes (81ms)
				AfterProcessingInitializeOnLoad (6ms)
				EditorAssembliesLoaded (0ms)
			ExecutionOrderSort2 (0ms)
			AwakeInstancesAfterBackupRestoration (25ms)
Platform modules already initialized, skipping
Refreshing native plugins compatible for Editor in 3.91 ms, found 4 plugins.
Preloading 0 native plugins for Editor in 0.00 ms.
Unloading 4112 Unused Serialized files (Serialized files now loaded: 0)
Unloading 31 unused Assets / (189.7 KB). Loaded Objects now: 4587.
Memory consumption went from 153.7 MB to 153.5 MB.
Total: 5.355100 ms (FindLiveObjects: 0.421000 ms CreateObjectMapping: 0.226500 ms MarkObjects: 4.474800 ms  DeleteObjects: 0.231500 ms)

AssetImportParameters requested are different than current active one (requested -> active):
  custom:video-decoder-ogg-theora: a1e56fd34408186e4bbccfd4996cb3dc -> 
  custom:container-muxer-webm: aa71ff27fc2769a1b78a27578f13a17b -> 
  custom:container-demuxer-webm: 4f35f7cbe854078d1ac9338744f61a02 -> 
  custom:video-encoder-webm-vp8: eb34c28f22e8b96e1ab97ce403110664 -> 
  custom:audio-encoder-webm-vorbis: bf7c407c2cedff20999df2af8eb42d56 -> 
  custom:framework-win-MediaFoundation: 216162199b28c13a410421893ffa2e32 -> 
  custom:container-demuxer-ogg: 62fdf1f143b41e24485cea50d1cbac27 -> 
  custom:video-decoder-webm-vp8: 9c59270c3fd7afecdb556c50c9e8de78 -> 
  custom:audio-decoder-ogg-vorbis: bf7c407c2cedff20999df2af8eb42d56 -> 
========================================================================
Received Prepare
Registering precompiled user dll's ...
Registered in 0.009486 seconds.
Begin MonoManager ReloadAssembly
Symbol file LoadedFromMemory doesn't match image D:\MyGames\New\Space Miner\Library\PackageCache\com.unity.visualscripting@1.7.8\Editor\VisualScripting.Core\Dependencies\YamlDotNet\Unity.VisualScripting.YamlDotNet.dll
Symbol file LoadedFromMemory doesn't match image D:\MyGames\New\Space Miner\Library\PackageCache\com.unity.visualscripting@1.7.8\Editor\VisualScripting.Core\Dependencies\DotNetZip\Unity.VisualScripting.IonicZip.dll
Native extension for WindowsStandalone target not found
Native extension for Android target not found
Refreshing native plugins compatible for Editor in 1.06 ms, found 4 plugins.
Preloading 0 native plugins for Editor in 0.00 ms.
Mono: successfully reloaded assembly
- Completed reload, in  1.969 seconds
Domain Reload Profiling:
	ReloadAssembly (1970ms)
		BeginReloadAssembly (218ms)
			ExecutionOrderSort (0ms)
			DisableScriptedObjects (14ms)
			BackupInstance (0ms)
			ReleaseScriptingObjects (0ms)
			CreateAndSetChildDomain (60ms)
		EndReloadAssembly (1569ms)
			LoadAssemblies (149ms)
			RebuildTransferFunctionScriptingTraits (0ms)
			SetupTypeCache (515ms)
			ReleaseScriptCaches (2ms)
			RebuildScriptCaches (102ms)
			SetupLoadedEditorAssemblies (686ms)
				LogAssemblyErrors (0ms)
				InitializePlatformSupportModulesInManaged (36ms)
				SetLoadedEditorAssemblies (1ms)
				RefreshPlugins (1ms)
				BeforeProcessingInitializeOnLoad (154ms)
				ProcessInitializeOnLoadAttributes (405ms)
				ProcessInitializeOnLoadMethodAttributes (83ms)
				AfterProcessingInitializeOnLoad (6ms)
				EditorAssembliesLoaded (0ms)
			ExecutionOrderSort2 (0ms)
			AwakeInstancesAfterBackupRestoration (17ms)
Platform modules already initialized, skipping
Refreshing native plugins compatible for Editor in 3.68 ms, found 4 plugins.
Preloading 0 native plugins for Editor in 0.00 ms.
Unloading 4112 Unused Serialized files (Serialized files now loaded: 0)
Unloading 31 unused Assets / (189.9 KB). Loaded Objects now: 4590.
Memory consumption went from 153.7 MB to 153.5 MB.
Total: 5.913000 ms (FindLiveObjects: 0.417800 ms CreateObjectMapping: 0.230100 ms MarkObjects: 5.018000 ms  DeleteObjects: 0.245400 ms)

AssetImportParameters requested are different than current active one (requested -> active):
  custom:video-decoder-ogg-theora: a1e56fd34408186e4bbccfd4996cb3dc -> 
  custom:container-muxer-webm: aa71ff27fc2769a1b78a27578f13a17b -> 
  custom:container-demuxer-webm: 4f35f7cbe854078d1ac9338744f61a02 -> 
  custom:video-encoder-webm-vp8: eb34c28f22e8b96e1ab97ce403110664 -> 
  custom:audio-encoder-webm-vorbis: bf7c407c2cedff20999df2af8eb42d56 -> 
  custom:framework-win-MediaFoundation: 216162199b28c13a410421893ffa2e32 -> 
  custom:container-demuxer-ogg: 62fdf1f143b41e24485cea50d1cbac27 -> 
  custom:video-decoder-webm-vp8: 9c59270c3fd7afecdb556c50c9e8de78 -> 
  custom:audio-decoder-ogg-vorbis: bf7c407c2cedff20999df2af8eb42d56 -> 
========================================================================
Received Import Request.
  Time since last request: 889.070037 seconds.
  path: Assets/Prefabs/Player.prefab
  artifactKey: Guid(bcab3d8c230dbb14aa5571b41ce17706) Importer(815301076,1909f56bfc062723c751e8b465ee728b)
Start importing Assets/Prefabs/Player.prefab using Guid(bcab3d8c230dbb14aa5571b41ce17706) Importer(815301076,1909f56bfc062723c751e8b465ee728b)  -> (artifact id: '9f69e81aacb9a5b4ff3ee23d50d8733e') in 0.241078 seconds 
========================================================================
Received Import Request.
  Time since last request: 18.662774 seconds.
  path: Assets/Prefabs/Store_Menu.prefab
  artifactKey: Guid(58cb938a1dd4ea24683a466931992f09) Importer(815301076,1909f56bfc062723c751e8b465ee728b)
Start importing Assets/Prefabs/Store_Menu.prefab using Guid(58cb938a1dd4ea24683a466931992f09) Importer(815301076,1909f56bfc062723c751e8b465ee728b)  -> (artifact id: '865fca997cc5a531c1405fc141afe308') in 0.019800 seconds 
========================================================================
Received Import Request.
  Time since last request: 23.194580 seconds.
  path: Assets/Prefabs/Store_Menu.prefab
  artifactKey: Guid(58cb938a1dd4ea24683a466931992f09) Importer(815301076,1909f56bfc062723c751e8b465ee728b)
Start importing Assets/Prefabs/Store_Menu.prefab using Guid(58cb938a1dd4ea24683a466931992f09) Importer(815301076,1909f56bfc062723c751e8b465ee728b)  -> (artifact id: '7befba7b6b4c1a38ddb51d24b0c97da7') in 0.006787 seconds 
========================================================================
Received Import Request.
  Time since last request: 133.471462 seconds.
  path: Assets/Prefabs/Store_Menu.prefab
  artifactKey: Guid(58cb938a1dd4ea24683a466931992f09) Importer(815301076,1909f56bfc062723c751e8b465ee728b)
Start importing Assets/Prefabs/Store_Menu.prefab using Guid(58cb938a1dd4ea24683a466931992f09) Importer(815301076,1909f56bfc062723c751e8b465ee728b)  -> (artifact id: '9f967ffd2990d6e7554ea2b39b2faa0f') in 0.007707 seconds 
========================================================================
Received Import Request.
  Time since last request: 1.999184 seconds.
  path: Assets/Prefabs/Store_Menu.prefab
  artifactKey: Guid(58cb938a1dd4ea24683a466931992f09) Importer(815301076,1909f56bfc062723c751e8b465ee728b)
Start importing Assets/Prefabs/Store_Menu.prefab using Guid(58cb938a1dd4ea24683a466931992f09) Importer(815301076,1909f56bfc062723c751e8b465ee728b)  -> (artifact id: '809395378fb821070a2e71bc712b3b54') in 0.010899 seconds 
========================================================================
Received Import Request.
  Time since last request: 12.547101 seconds.
  path: Assets/Prefabs/Store_Menu.prefab
  artifactKey: Guid(58cb938a1dd4ea24683a466931992f09) Importer(815301076,1909f56bfc062723c751e8b465ee728b)
Start importing Assets/Prefabs/Store_Menu.prefab using Guid(58cb938a1dd4ea24683a466931992f09) Importer(815301076,1909f56bfc062723c751e8b465ee728b)  -> (artifact id: '1189e9ed89f051129f87f721fe311dd1') in 0.007749 seconds 
========================================================================
Received Import Request.
  Time since last request: 21.241487 seconds.
  path: Assets/Prefabs/Store_Menu.prefab
  artifactKey: Guid(58cb938a1dd4ea24683a466931992f09) Importer(815301076,1909f56bfc062723c751e8b465ee728b)
Start importing Assets/Prefabs/Store_Menu.prefab using Guid(58cb938a1dd4ea24683a466931992f09) Importer(815301076,1909f56bfc062723c751e8b465ee728b)  -> (artifact id: 'a329207a4b883da41ac739496333f2b4') in 0.010986 seconds 
========================================================================
Received Import Request.
  Time since last request: 2.069081 seconds.
  path: Assets/Prefabs/Store_Menu.prefab
  artifactKey: Guid(58cb938a1dd4ea24683a466931992f09) Importer(815301076,1909f56bfc062723c751e8b465ee728b)
Start importing Assets/Prefabs/Store_Menu.prefab using Guid(58cb938a1dd4ea24683a466931992f09) Importer(815301076,1909f56bfc062723c751e8b465ee728b)  -> (artifact id: 'e430cc4fbfe3aaace1a06888815db3d5') in 0.007286 seconds 
========================================================================
Received Import Request.
  Time since last request: 9.218285 seconds.
  path: Assets/Prefabs/Store_Menu.prefab
  artifactKey: Guid(58cb938a1dd4ea24683a466931992f09) Importer(815301076,1909f56bfc062723c751e8b465ee728b)
Start importing Assets/Prefabs/Store_Menu.prefab using Guid(58cb938a1dd4ea24683a466931992f09) Importer(815301076,1909f56bfc062723c751e8b465ee728b)  -> (artifact id: '3244409f7c1572bdd11c1f39172996e7') in 0.006752 seconds 
========================================================================
Received Import Request.
  Time since last request: 2.898051 seconds.
  path: Assets/Prefabs/Store_Menu.prefab
  artifactKey: Guid(58cb938a1dd4ea24683a466931992f09) Importer(815301076,1909f56bfc062723c751e8b465ee728b)
Start importing Assets/Prefabs/Store_Menu.prefab using Guid(58cb938a1dd4ea24683a466931992f09) Importer(815301076,1909f56bfc062723c751e8b465ee728b)  -> (artifact id: '9e0f8c50587f708cac95914c8ac0edb4') in 0.011366 seconds 
========================================================================
Received Import Request.
  Time since last request: 13.307956 seconds.
  path: Assets/Prefabs/Store_Menu.prefab
  artifactKey: Guid(58cb938a1dd4ea24683a466931992f09) Importer(815301076,1909f56bfc062723c751e8b465ee728b)
Start importing Assets/Prefabs/Store_Menu.prefab using Guid(58cb938a1dd4ea24683a466931992f09) Importer(815301076,1909f56bfc062723c751e8b465ee728b)  -> (artifact id: '273687b07837bdb5b3f1a90ecc134320') in 0.089793 seconds 
========================================================================
Received Import Request.
  Time since last request: 2.825762 seconds.
  path: Assets/Prefabs/Store_Menu.prefab
  artifactKey: Guid(58cb938a1dd4ea24683a466931992f09) Importer(815301076,1909f56bfc062723c751e8b465ee728b)
Start importing Assets/Prefabs/Store_Menu.prefab using Guid(58cb938a1dd4ea24683a466931992f09) Importer(815301076,1909f56bfc062723c751e8b465ee728b)  -> (artifact id: '0bcbbf2a41bf90c4d0a90be1f9b9421f') in 0.047113 seconds 
========================================================================
Received Import Request.
  Time since last request: 2.610852 seconds.
  path: Assets/Prefabs/Store_Menu.prefab
  artifactKey: Guid(58cb938a1dd4ea24683a466931992f09) Importer(815301076,1909f56bfc062723c751e8b465ee728b)
Start importing Assets/Prefabs/Store_Menu.prefab using Guid(58cb938a1dd4ea24683a466931992f09) Importer(815301076,1909f56bfc062723c751e8b465ee728b)  -> (artifact id: 'dd41106d061013b2553940c446c1cbf7') in 0.044466 seconds 
========================================================================
Received Import Request.
  Time since last request: 8.252554 seconds.
  path: Assets/Prefabs/Store_Menu.prefab
  artifactKey: Guid(58cb938a1dd4ea24683a466931992f09) Importer(815301076,1909f56bfc062723c751e8b465ee728b)
Start importing Assets/Prefabs/Store_Menu.prefab using Guid(58cb938a1dd4ea24683a466931992f09) Importer(815301076,1909f56bfc062723c751e8b465ee728b)  -> (artifact id: 'a5118a5981191f2b3a4f3da9b928e508') in 0.052861 seconds 
========================================================================
Received Import Request.
  Time since last request: 5.009859 seconds.
  path: Assets/Prefabs/Store_Menu.prefab
  artifactKey: Guid(58cb938a1dd4ea24683a466931992f09) Importer(815301076,1909f56bfc062723c751e8b465ee728b)
Start importing Assets/Prefabs/Store_Menu.prefab using Guid(58cb938a1dd4ea24683a466931992f09) Importer(815301076,1909f56bfc062723c751e8b465ee728b)  -> (artifact id: '3a16d1a42dc40535df511dc11f650027') in 0.045980 seconds 
========================================================================
Received Import Request.
  Time since last request: 3.345277 seconds.
  path: Assets/Prefabs/Store_Menu.prefab
  artifactKey: Guid(58cb938a1dd4ea24683a466931992f09) Importer(815301076,1909f56bfc062723c751e8b465ee728b)
Start importing Assets/Prefabs/Store_Menu.prefab using Guid(58cb938a1dd4ea24683a466931992f09) Importer(815301076,1909f56bfc062723c751e8b465ee728b)  -> (artifact id: '4c1f3118fa1894100ca2328f91d855c3') in 0.050293 seconds 
========================================================================
Received Import Request.
  Time since last request: 0.147412 seconds.
  path: Assets/Prefabs/Store_Menu.prefab
  artifactKey: Guid(58cb938a1dd4ea24683a466931992f09) Importer(815301076,1909f56bfc062723c751e8b465ee728b)
Start importing Assets/Prefabs/Store_Menu.prefab using Guid(58cb938a1dd4ea24683a466931992f09) Importer(815301076,1909f56bfc062723c751e8b465ee728b)  -> (artifact id: 'a4bd6b4d9c59cb63cdc5d5fc6955312c') in 0.046044 seconds 
========================================================================
Received Import Request.
  Time since last request: 2.637321 seconds.
  path: Assets/Prefabs/Store_Menu.prefab
  artifactKey: Guid(58cb938a1dd4ea24683a466931992f09) Importer(815301076,1909f56bfc062723c751e8b465ee728b)
Start importing Assets/Prefabs/Store_Menu.prefab using Guid(58cb938a1dd4ea24683a466931992f09) Importer(815301076,1909f56bfc062723c751e8b465ee728b)  -> (artifact id: '44c58a1753599c5cd34e3c42da2ef6d2') in 0.046866 seconds 
========================================================================
Received Import Request.
  Time since last request: 3.442006 seconds.
  path: Assets/Prefabs/Store_Menu.prefab
  artifactKey: Guid(58cb938a1dd4ea24683a466931992f09) Importer(815301076,1909f56bfc062723c751e8b465ee728b)
Start importing Assets/Prefabs/Store_Menu.prefab using Guid(58cb938a1dd4ea24683a466931992f09) Importer(815301076,1909f56bfc062723c751e8b465ee728b)  -> (artifact id: 'a64e036763d9a74f21f5b646333750a5') in 0.053046 seconds 
========================================================================
Received Import Request.
  Time since last request: 3.172639 seconds.
  path: Assets/Prefabs/Store_Menu.prefab
  artifactKey: Guid(58cb938a1dd4ea24683a466931992f09) Importer(815301076,1909f56bfc062723c751e8b465ee728b)
Start importing Assets/Prefabs/Store_Menu.prefab using Guid(58cb938a1dd4ea24683a466931992f09) Importer(815301076,1909f56bfc062723c751e8b465ee728b)  -> (artifact id: '4904b0143970fa141f95799883347143') in 0.042686 seconds 
========================================================================
Received Import Request.
  Time since last request: 3.873270 seconds.
  path: Assets/Prefabs/Store_Menu.prefab
  artifactKey: Guid(58cb938a1dd4ea24683a466931992f09) Importer(815301076,1909f56bfc062723c751e8b465ee728b)
Start importing Assets/Prefabs/Store_Menu.prefab using Guid(58cb938a1dd4ea24683a466931992f09) Importer(815301076,1909f56bfc062723c751e8b465ee728b)  -> (artifact id: '3ae115dba1b22d6589fa2fa354160967') in 0.044464 seconds 
========================================================================
Received Import Request.
  Time since last request: 20.896767 seconds.
  path: Assets/Prefabs/Store_Menu.prefab
  artifactKey: Guid(58cb938a1dd4ea24683a466931992f09) Importer(815301076,1909f56bfc062723c751e8b465ee728b)
Start importing Assets/Prefabs/Store_Menu.prefab using Guid(58cb938a1dd4ea24683a466931992f09) Importer(815301076,1909f56bfc062723c751e8b465ee728b)  -> (artifact id: '2faf9078dbf3311e5b40267fb8ef802e') in 0.043343 seconds 
========================================================================
Received Import Request.
  Time since last request: 4.793224 seconds.
  path: Assets/Prefabs/Store_Menu.prefab
  artifactKey: Guid(58cb938a1dd4ea24683a466931992f09) Importer(815301076,1909f56bfc062723c751e8b465ee728b)
Start importing Assets/Prefabs/Store_Menu.prefab using Guid(58cb938a1dd4ea24683a466931992f09) Importer(815301076,1909f56bfc062723c751e8b465ee728b)  -> (artifact id: '36192a9efdf9d22203ffda02390b766a') in 0.043996 seconds 
========================================================================
Received Import Request.
  Time since last request: 4.021461 seconds.
  path: Assets/Prefabs/Store_Menu.prefab
  artifactKey: Guid(58cb938a1dd4ea24683a466931992f09) Importer(815301076,1909f56bfc062723c751e8b465ee728b)
Start importing Assets/Prefabs/Store_Menu.prefab using Guid(58cb938a1dd4ea24683a466931992f09) Importer(815301076,1909f56bfc062723c751e8b465ee728b)  -> (artifact id: '1f6ede514815c3843ce3b77cce7e1882') in 0.044141 seconds 
========================================================================
Received Import Request.
  Time since last request: 2.772937 seconds.
  path: Assets/Prefabs/Store_Menu.prefab
  artifactKey: Guid(58cb938a1dd4ea24683a466931992f09) Importer(815301076,1909f56bfc062723c751e8b465ee728b)
Start importing Assets/Prefabs/Store_Menu.prefab using Guid(58cb938a1dd4ea24683a466931992f09) Importer(815301076,1909f56bfc062723c751e8b465ee728b)  -> (artifact id: 'c52ce494dffafa76789ed3f0e10d4855') in 0.049192 seconds 
========================================================================
Received Import Request.
  Time since last request: 5.191882 seconds.
  path: Assets/Prefabs/Store_Menu.prefab
  artifactKey: Guid(58cb938a1dd4ea24683a466931992f09) Importer(815301076,1909f56bfc062723c751e8b465ee728b)
Start importing Assets/Prefabs/Store_Menu.prefab using Guid(58cb938a1dd4ea24683a466931992f09) Importer(815301076,1909f56bfc062723c751e8b465ee728b)  -> (artifact id: 'b6b1d825917fb3c595b622f718180c39') in 0.049550 seconds 
========================================================================
Received Import Request.
  Time since last request: 1.774682 seconds.
  path: Assets/Prefabs/Store_Menu.prefab
  artifactKey: Guid(58cb938a1dd4ea24683a466931992f09) Importer(815301076,1909f56bfc062723c751e8b465ee728b)
Start importing Assets/Prefabs/Store_Menu.prefab using Guid(58cb938a1dd4ea24683a466931992f09) Importer(815301076,1909f56bfc062723c751e8b465ee728b)  -> (artifact id: 'b50bd304fe7d75f414c7bef9ab299882') in 0.057337 seconds 
========================================================================
Received Import Request.
  Time since last request: 3.284207 seconds.
  path: Assets/Prefabs/Store_Menu.prefab
  artifactKey: Guid(58cb938a1dd4ea24683a466931992f09) Importer(815301076,1909f56bfc062723c751e8b465ee728b)
Start importing Assets/Prefabs/Store_Menu.prefab using Guid(58cb938a1dd4ea24683a466931992f09) Importer(815301076,1909f56bfc062723c751e8b465ee728b)  -> (artifact id: '47bb85fc2b3954418f3ca2a58fc0d648') in 0.050236 seconds 
========================================================================
Received Import Request.
  Time since last request: 1.833801 seconds.
  path: Assets/Prefabs/Store_Menu.prefab
  artifactKey: Guid(58cb938a1dd4ea24683a466931992f09) Importer(815301076,1909f56bfc062723c751e8b465ee728b)
Start importing Assets/Prefabs/Store_Menu.prefab using Guid(58cb938a1dd4ea24683a466931992f09) Importer(815301076,1909f56bfc062723c751e8b465ee728b)  -> (artifact id: '543e90393f54b7f5b763980ef11265ff') in 0.044974 seconds 
========================================================================
Received Import Request.
  Time since last request: 2.594180 seconds.
  path: Assets/Prefabs/Store_Menu.prefab
  artifactKey: Guid(58cb938a1dd4ea24683a466931992f09) Importer(815301076,1909f56bfc062723c751e8b465ee728b)
Start importing Assets/Prefabs/Store_Menu.prefab using Guid(58cb938a1dd4ea24683a466931992f09) Importer(815301076,1909f56bfc062723c751e8b465ee728b)  -> (artifact id: '747b08dd0dcd3db151c1d2420a7c934f') in 0.055599 seconds 
========================================================================
Received Import Request.
  Time since last request: 1.341540 seconds.
  path: Assets/Prefabs/Store_Menu.prefab
  artifactKey: Guid(58cb938a1dd4ea24683a466931992f09) Importer(815301076,1909f56bfc062723c751e8b465ee728b)
Start importing Assets/Prefabs/Store_Menu.prefab using Guid(58cb938a1dd4ea24683a466931992f09) Importer(815301076,1909f56bfc062723c751e8b465ee728b)  -> (artifact id: '9441ea0aa5bbbce4bd468709ecff9c71') in 0.044941 seconds 
========================================================================
Received Import Request.
  Time since last request: 6.134332 seconds.
  path: Assets/Prefabs/Store_Menu.prefab
  artifactKey: Guid(58cb938a1dd4ea24683a466931992f09) Importer(815301076,1909f56bfc062723c751e8b465ee728b)
Start importing Assets/Prefabs/Store_Menu.prefab using Guid(58cb938a1dd4ea24683a466931992f09) Importer(815301076,1909f56bfc062723c751e8b465ee728b)  -> (artifact id: 'a7d55ba28417aaedb93b1a0c7f231843') in 0.044045 seconds 
========================================================================
Received Import Request.
  Time since last request: 7.342642 seconds.
  path: Assets/Prefabs/Store_Menu.prefab
  artifactKey: Guid(58cb938a1dd4ea24683a466931992f09) Importer(815301076,1909f56bfc062723c751e8b465ee728b)
Start importing Assets/Prefabs/Store_Menu.prefab using Guid(58cb938a1dd4ea24683a466931992f09) Importer(815301076,1909f56bfc062723c751e8b465ee728b)  -> (artifact id: '1d816bed188402a9d800b71350cd325e') in 0.047457 seconds 
========================================================================
Received Import Request.
  Time since last request: 4.291781 seconds.
  path: Assets/Prefabs/Store_Menu.prefab
  artifactKey: Guid(58cb938a1dd4ea24683a466931992f09) Importer(815301076,1909f56bfc062723c751e8b465ee728b)
Start importing Assets/Prefabs/Store_Menu.prefab using Guid(58cb938a1dd4ea24683a466931992f09) Importer(815301076,1909f56bfc062723c751e8b465ee728b)  -> (artifact id: 'd23e7e79342d47322f9da93e66a5f08e') in 0.044726 seconds 
========================================================================
Received Import Request.
  Time since last request: 20.297493 seconds.
  path: Assets/Prefabs/Store_Menu.prefab
  artifactKey: Guid(58cb938a1dd4ea24683a466931992f09) Importer(815301076,1909f56bfc062723c751e8b465ee728b)
Start importing Assets/Prefabs/Store_Menu.prefab using Guid(58cb938a1dd4ea24683a466931992f09) Importer(815301076,1909f56bfc062723c751e8b465ee728b)  -> (artifact id: '1f8482097f5c56cf7a9bfeebeb2c2fd3') in 0.046111 seconds 
========================================================================
Received Import Request.
  Time since last request: 8.259593 seconds.
  path: Assets/Prefabs/Store_Menu.prefab
  artifactKey: Guid(58cb938a1dd4ea24683a466931992f09) Importer(815301076,1909f56bfc062723c751e8b465ee728b)
Start importing Assets/Prefabs/Store_Menu.prefab using Guid(58cb938a1dd4ea24683a466931992f09) Importer(815301076,1909f56bfc062723c751e8b465ee728b)  -> (artifact id: '10d935c609aa320f1a6d49135f9afb24') in 0.052077 seconds 
========================================================================
Received Import Request.
  Time since last request: 1.853121 seconds.
  path: Assets/Prefabs/Store_Menu.prefab
  artifactKey: Guid(58cb938a1dd4ea24683a466931992f09) Importer(815301076,1909f56bfc062723c751e8b465ee728b)
Start importing Assets/Prefabs/Store_Menu.prefab using Guid(58cb938a1dd4ea24683a466931992f09) Importer(815301076,1909f56bfc062723c751e8b465ee728b)  -> (artifact id: '5a70b9ea666b9b8785f8c4fde7e9d036') in 0.046000 seconds 
========================================================================
Received Import Request.
  Time since last request: 3.206047 seconds.
  path: Assets/Prefabs/Store_Menu.prefab
  artifactKey: Guid(58cb938a1dd4ea24683a466931992f09) Importer(815301076,1909f56bfc062723c751e8b465ee728b)
Start importing Assets/Prefabs/Store_Menu.prefab using Guid(58cb938a1dd4ea24683a466931992f09) Importer(815301076,1909f56bfc062723c751e8b465ee728b)  -> (artifact id: 'dd55cbf975da280b22cbf197c644bd62') in 0.047450 seconds 
========================================================================
Received Import Request.
  Time since last request: 15.307181 seconds.
  path: Assets/Prefabs/Store_Menu.prefab
  artifactKey: Guid(58cb938a1dd4ea24683a466931992f09) Importer(815301076,1909f56bfc062723c751e8b465ee728b)
Start importing Assets/Prefabs/Store_Menu.prefab using Guid(58cb938a1dd4ea24683a466931992f09) Importer(815301076,1909f56bfc062723c751e8b465ee728b)  -> (artifact id: '5c6c611fd38c23b684c1818f0458f8d2') in 0.048024 seconds 
========================================================================
Received Import Request.
  Time since last request: 3.028920 seconds.
  path: Assets/Prefabs/Store_Menu.prefab
  artifactKey: Guid(58cb938a1dd4ea24683a466931992f09) Importer(815301076,1909f56bfc062723c751e8b465ee728b)
Start importing Assets/Prefabs/Store_Menu.prefab using Guid(58cb938a1dd4ea24683a466931992f09) Importer(815301076,1909f56bfc062723c751e8b465ee728b)  -> (artifact id: '4f58df1dfae1e62c72b820cbae71645e') in 0.058090 seconds 
========================================================================
Received Import Request.
  Time since last request: 5.457345 seconds.
  path: Assets/Prefabs/Store_Menu.prefab
  artifactKey: Guid(58cb938a1dd4ea24683a466931992f09) Importer(815301076,1909f56bfc062723c751e8b465ee728b)
Start importing Assets/Prefabs/Store_Menu.prefab using Guid(58cb938a1dd4ea24683a466931992f09) Importer(815301076,1909f56bfc062723c751e8b465ee728b)  -> (artifact id: '50c4cb85eadcb05485408034211faeb0') in 0.044108 seconds 
========================================================================
Received Import Request.
  Time since last request: 5.391132 seconds.
  path: Assets/Prefabs/Store_Menu.prefab
  artifactKey: Guid(58cb938a1dd4ea24683a466931992f09) Importer(815301076,1909f56bfc062723c751e8b465ee728b)
Start importing Assets/Prefabs/Store_Menu.prefab using Guid(58cb938a1dd4ea24683a466931992f09) Importer(815301076,1909f56bfc062723c751e8b465ee728b)  -> (artifact id: '996e60210a36e75267dbba8cbd036b7b') in 0.047155 seconds 
========================================================================
Received Import Request.
  Time since last request: 3.657475 seconds.
  path: Assets/Prefabs/Store_Menu.prefab
  artifactKey: Guid(58cb938a1dd4ea24683a466931992f09) Importer(815301076,1909f56bfc062723c751e8b465ee728b)
Start importing Assets/Prefabs/Store_Menu.prefab using Guid(58cb938a1dd4ea24683a466931992f09) Importer(815301076,1909f56bfc062723c751e8b465ee728b)  -> (artifact id: '18db930989130825a67562c8ac4662d3') in 0.046640 seconds 
========================================================================
Received Import Request.
  Time since last request: 14.814821 seconds.
  path: Assets/Prefabs/Store_Menu.prefab
  artifactKey: Guid(58cb938a1dd4ea24683a466931992f09) Importer(815301076,1909f56bfc062723c751e8b465ee728b)
Start importing Assets/Prefabs/Store_Menu.prefab using Guid(58cb938a1dd4ea24683a466931992f09) Importer(815301076,1909f56bfc062723c751e8b465ee728b)  -> (artifact id: 'd6405f7a89038e86eaec981657d28e8c') in 0.046420 seconds 
========================================================================
Received Import Request.
  Time since last request: 2.003328 seconds.
  path: Assets/Prefabs/Store_Menu.prefab
  artifactKey: Guid(58cb938a1dd4ea24683a466931992f09) Importer(815301076,1909f56bfc062723c751e8b465ee728b)
Start importing Assets/Prefabs/Store_Menu.prefab using Guid(58cb938a1dd4ea24683a466931992f09) Importer(815301076,1909f56bfc062723c751e8b465ee728b)  -> (artifact id: '6db67a7fae712d01b1aa9168c20b9c6b') in 0.045467 seconds 
========================================================================
Received Import Request.
  Time since last request: 2.428913 seconds.
  path: Assets/Prefabs/Store_Menu.prefab
  artifactKey: Guid(58cb938a1dd4ea24683a466931992f09) Importer(815301076,1909f56bfc062723c751e8b465ee728b)
Start importing Assets/Prefabs/Store_Menu.prefab using Guid(58cb938a1dd4ea24683a466931992f09) Importer(815301076,1909f56bfc062723c751e8b465ee728b)  -> (artifact id: '397680d647a8da506a9e3296c19fa1e1') in 0.048804 seconds 
========================================================================
Received Import Request.
  Time since last request: 0.351327 seconds.
  path: Assets/Prefabs/Store_Menu.prefab
  artifactKey: Guid(58cb938a1dd4ea24683a466931992f09) Importer(815301076,1909f56bfc062723c751e8b465ee728b)
Start importing Assets/Prefabs/Store_Menu.prefab using Guid(58cb938a1dd4ea24683a466931992f09) Importer(815301076,1909f56bfc062723c751e8b465ee728b)  -> (artifact id: '786f07a3661572bf1b34fb98941e31d3') in 0.054474 seconds 
========================================================================
Received Import Request.
  Time since last request: 5.238317 seconds.
  path: Assets/Prefabs/Store_Menu.prefab
  artifactKey: Guid(58cb938a1dd4ea24683a466931992f09) Importer(815301076,1909f56bfc062723c751e8b465ee728b)
Start importing Assets/Prefabs/Store_Menu.prefab using Guid(58cb938a1dd4ea24683a466931992f09) Importer(815301076,1909f56bfc062723c751e8b465ee728b)  -> (artifact id: 'ccd0d5f5a365ac6ab01509c43b20267f') in 0.051511 seconds 
========================================================================
Received Import Request.
  Time since last request: 0.742990 seconds.
  path: Assets/Prefabs/Store_Menu.prefab
  artifactKey: Guid(58cb938a1dd4ea24683a466931992f09) Importer(815301076,1909f56bfc062723c751e8b465ee728b)
Start importing Assets/Prefabs/Store_Menu.prefab using Guid(58cb938a1dd4ea24683a466931992f09) Importer(815301076,1909f56bfc062723c751e8b465ee728b)  -> (artifact id: '85851521611af7a62171c027a00bc259') in 0.046853 seconds 
========================================================================
Received Import Request.
  Time since last request: 1.673528 seconds.
  path: Assets/Prefabs/Store_Menu.prefab
  artifactKey: Guid(58cb938a1dd4ea24683a466931992f09) Importer(815301076,1909f56bfc062723c751e8b465ee728b)
Start importing Assets/Prefabs/Store_Menu.prefab using Guid(58cb938a1dd4ea24683a466931992f09) Importer(815301076,1909f56bfc062723c751e8b465ee728b)  -> (artifact id: 'ea84a53e4026023f876c4e4e0fa4dcb2') in 0.046891 seconds 
========================================================================
Received Import Request.
  Time since last request: 0.394259 seconds.
  path: Assets/Prefabs/Store_Menu.prefab
  artifactKey: Guid(58cb938a1dd4ea24683a466931992f09) Importer(815301076,1909f56bfc062723c751e8b465ee728b)
Start importing Assets/Prefabs/Store_Menu.prefab using Guid(58cb938a1dd4ea24683a466931992f09) Importer(815301076,1909f56bfc062723c751e8b465ee728b)  -> (artifact id: '822a2b66075b76d9cf720595fa628373') in 0.046451 seconds 
========================================================================
Received Import Request.
  Time since last request: 0.763172 seconds.
  path: Assets/Prefabs/Store_Menu.prefab
  artifactKey: Guid(58cb938a1dd4ea24683a466931992f09) Importer(815301076,1909f56bfc062723c751e8b465ee728b)
Start importing Assets/Prefabs/Store_Menu.prefab using Guid(58cb938a1dd4ea24683a466931992f09) Importer(815301076,1909f56bfc062723c751e8b465ee728b)  -> (artifact id: '53e3520bd337f125acd0af38f74ec7fb') in 0.044031 seconds 
========================================================================
Received Import Request.
  Time since last request: 1.266583 seconds.
  path: Packages/com.unity.2d.animation/Editor/Assets/SkinningModule/Icons/Light/Create_Vertex@3x.png
  artifactKey: Guid(66fa19194577350438c952106f661c2f) Importer(815301076,1909f56bfc062723c751e8b465ee728b)
Start importing Packages/com.unity.2d.animation/Editor/Assets/SkinningModule/Icons/Light/Create_Vertex@3x.png using Guid(66fa19194577350438c952106f661c2f) Importer(815301076,1909f56bfc062723c751e8b465ee728b)  -> (artifact id: 'e55aaed76abbb5ef22ec37c6b133bd87') in 0.166959 seconds 
========================================================================
Received Import Request.
  Time since last request: 0.000029 seconds.
  path: Packages/com.unity.2d.animation/Editor/Assets/SkinningModule/Icons/Light/Create_Vertex@4x.png
  artifactKey: Guid(e6a6624ab013b8e44beddfa2668afb65) Importer(815301076,1909f56bfc062723c751e8b465ee728b)
Start importing Packages/com.unity.2d.animation/Editor/Assets/SkinningModule/Icons/Light/Create_Vertex@4x.png using Guid(e6a6624ab013b8e44beddfa2668afb65) Importer(815301076,1909f56bfc062723c751e8b465ee728b)  -> (artifact id: '70b930edb91f97c608d3599f65289233') in 0.044470 seconds 
========================================================================
Received Import Request.
  Time since last request: 0.000033 seconds.
  path: Packages/com.unity.2d.animation/Editor/Assets/SkinningModule/Icons/Selected/Create_Vertex@4x.png
  artifactKey: Guid(6a7ac9e8c26b12440bf2b1da2ca97794) Importer(815301076,1909f56bfc062723c751e8b465ee728b)
Start importing Packages/com.unity.2d.animation/Editor/Assets/SkinningModule/Icons/Selected/Create_Vertex@4x.png using Guid(6a7ac9e8c26b12440bf2b1da2ca97794) Importer(815301076,1909f56bfc062723c751e8b465ee728b)  -> (artifact id: '0eb1cf63073616e5f40d97d5c9c45846') in 0.061582 seconds 
========================================================================
Received Import Request.
  Time since last request: 0.849274 seconds.
  path: Packages/com.unity.2d.animation/Editor/Assets/SkinningModule/Icons/Selected/d_Bone.png
  artifactKey: Guid(006a3adba8ff95144b4e779daa84bb7e) Importer(815301076,1909f56bfc062723c751e8b465ee728b)
Start importing Packages/com.unity.2d.animation/Editor/Assets/SkinningModule/Icons/Selected/d_Bone.png using Guid(006a3adba8ff95144b4e779daa84bb7e) Importer(815301076,1909f56bfc062723c751e8b465ee728b)  -> (artifact id: 'aacd2c408a24d61927bab0a232d90f67') in 0.115485 seconds 
========================================================================
Received Import Request.
  Time since last request: 0.000036 seconds.
  path: Packages/com.unity.2d.animation/Editor/Assets/SkinningModule/Icons/Dark/d_Bone@3x.png
  artifactKey: Guid(fe145a004cb46de488885e70d26cade0) Importer(815301076,1909f56bfc062723c751e8b465ee728b)
Start importing Packages/com.unity.2d.animation/Editor/Assets/SkinningModule/Icons/Dark/d_Bone@3x.png using Guid(fe145a004cb46de488885e70d26cade0) Importer(815301076,1909f56bfc062723c751e8b465ee728b)  -> (artifact id: '2d305aec08843bcf7b9eee9afca807a9') in 0.051530 seconds 
========================================================================
Received Import Request.
  Time since last request: 0.000033 seconds.
  path: Packages/com.unity.2d.animation/Editor/Assets/SkinningModule/Icons/Selected/d_Bone@4x.png
  artifactKey: Guid(1bb69cd91685d9248a58b144052746f3) Importer(815301076,1909f56bfc062723c751e8b465ee728b)
Start importing Packages/com.unity.2d.animation/Editor/Assets/SkinningModule/Icons/Selected/d_Bone@4x.png using Guid(1bb69cd91685d9248a58b144052746f3) Importer(815301076,1909f56bfc062723c751e8b465ee728b)  -> (artifact id: '8e16b13a7cecdc75069620a692c18431') in 0.140883 seconds 
========================================================================
Received Import Request.
  Time since last request: 0.000049 seconds.
  path: Packages/com.unity.2d.animation/Editor/Assets/SkinningModule/Icons/Selected/d_Bone@3x.png
  artifactKey: Guid(443d05f2a4ae81a4297ac8ec762644c3) Importer(815301076,1909f56bfc062723c751e8b465ee728b)
Start importing Packages/com.unity.2d.animation/Editor/Assets/SkinningModule/Icons/Selected/d_Bone@3x.png using Guid(443d05f2a4ae81a4297ac8ec762644c3) Importer(815301076,1909f56bfc062723c751e8b465ee728b)  -> (artifact id: '1ce024b17d47c5da69e120e67622f1fc') in 0.065467 seconds 
========================================================================
Received Import Request.
  Time since last request: 0.141312 seconds.
  path: Packages/com.unity.2d.animation/Editor/Assets/SkinningModule/Icons/Dark/d_Bone_Influence@2x.png
  artifactKey: Guid(045a46ed7fd32804eb02dc411be96859) Importer(815301076,1909f56bfc062723c751e8b465ee728b)
Start importing Packages/com.unity.2d.animation/Editor/Assets/SkinningModule/Icons/Dark/d_Bone_Influence@2x.png using Guid(045a46ed7fd32804eb02dc411be96859) Importer(815301076,1909f56bfc062723c751e8b465ee728b)  -> (artifact id: '299ca4d5bdd9bbe45da45b68ec4c9652') in 0.068860 seconds 
========================================================================
Received Import Request.
  Time since last request: 0.000030 seconds.
  path: Packages/com.unity.collab-proxy/Editor/PlasticSCM/Assets/Images/d_buttonssosigninemail@2x.png
  artifactKey: Guid(144aa74618b85974a9a50f612c2fa8fd) Importer(815301076,1909f56bfc062723c751e8b465ee728b)
Start importing Packages/com.unity.collab-proxy/Editor/PlasticSCM/Assets/Images/d_buttonssosigninemail@2x.png using Guid(144aa74618b85974a9a50f612c2fa8fd) Importer(815301076,1909f56bfc062723c751e8b465ee728b)  -> (artifact id: 'b4e180ca46792111777b0031c8394fa6') in 0.050258 seconds 
========================================================================
Received Import Request.
  Time since last request: 0.000031 seconds.
  path: Packages/com.unity.2d.animation/Editor/Assets/SkinningModule/Icons/Dark/d_character_Mode@2x.png
  artifactKey: Guid(d4a1388a0d4ee9c44bcaa86e463a7b39) Importer(815301076,1909f56bfc062723c751e8b465ee728b)
Start importing Packages/com.unity.2d.animation/Editor/Assets/SkinningModule/Icons/Dark/d_character_Mode@2x.png using Guid(d4a1388a0d4ee9c44bcaa86e463a7b39) Importer(815301076,1909f56bfc062723c751e8b465ee728b)  -> (artifact id: '1c107634acf33997defeacb67589b954') in 0.070576 seconds 
========================================================================
Received Import Request.
  Time since last request: 0.000034 seconds.
  path: Packages/com.unity.collab-proxy/Editor/PlasticSCM/Assets/Images/d_colorbuhoshe.png
  artifactKey: Guid(a04ecc9d5e12d5d449077414eb86635e) Importer(815301076,1909f56bfc062723c751e8b465ee728b)
Start importing Packages/com.unity.collab-proxy/Editor/PlasticSCM/Assets/Images/d_colorbuhoshe.png using Guid(a04ecc9d5e12d5d449077414eb86635e) Importer(815301076,1909f56bfc062723c751e8b465ee728b)  -> (artifact id: '4253acc4fd28dca530e51bc1b905314c') in 0.076193 seconds 
========================================================================
Received Import Request.
  Time since last request: 0.000041 seconds.
  path: Packages/com.unity.collab-proxy/Editor/PlasticSCM/Assets/Images/d_cloudbuhoshechristmas.png
  artifactKey: Guid(9c0d6ec706e01ce448aea81584af092b) Importer(815301076,1909f56bfc062723c751e8b465ee728b)
Start importing Packages/com.unity.collab-proxy/Editor/PlasticSCM/Assets/Images/d_cloudbuhoshechristmas.png using Guid(9c0d6ec706e01ce448aea81584af092b) Importer(815301076,1909f56bfc062723c751e8b465ee728b)  -> (artifact id: '3677b9048a01f8801f59580b02ae201c') in 0.095470 seconds 
========================================================================
Received Import Request.
  Time since last request: 0.000030 seconds.
  path: Packages/com.unity.2d.animation/Editor/Assets/SkinningModule/Icons/Dark/d_Copy.png
  artifactKey: Guid(69fdfe6d8e206134a83223383472ff48) Importer(815301076,1909f56bfc062723c751e8b465ee728b)
Start importing Packages/com.unity.2d.animation/Editor/Assets/SkinningModule/Icons/Dark/d_Copy.png using Guid(69fdfe6d8e206134a83223383472ff48) Importer(815301076,1909f56bfc062723c751e8b465ee728b)  -> (artifact id: '2203b3b15e8b69b6394ee77304d1ddae') in 0.051504 seconds 
========================================================================
Received Import Request.
  Time since last request: 0.000032 seconds.
  path: Packages/com.unity.2d.animation/Editor/Assets/SkinningModule/Icons/Dark/d_Create Bones@4x.png
  artifactKey: Guid(7e1aff9652c0dac418d9aa42f5f24dc2) Importer(815301076,1909f56bfc062723c751e8b465ee728b)
Start importing Packages/com.unity.2d.animation/Editor/Assets/SkinningModule/Icons/Dark/d_Create Bones@4x.png using Guid(7e1aff9652c0dac418d9aa42f5f24dc2) Importer(815301076,1909f56bfc062723c751e8b465ee728b)  -> (artifact id: '224fc2f988e02b114ce9294adad451ae') in 0.057697 seconds 
========================================================================
Received Import Request.
  Time since last request: 0.000041 seconds.
  path: Packages/com.unity.2d.animation/Editor/Assets/SkinningModule/Icons/Dark/d_Create_Edge@4x.png
  artifactKey: Guid(62053ed690017d143bd2cfa8e5dc3ff5) Importer(815301076,1909f56bfc062723c751e8b465ee728b)
Start importing Packages/com.unity.2d.animation/Editor/Assets/SkinningModule/Icons/Dark/d_Create_Edge@4x.png using Guid(62053ed690017d143bd2cfa8e5dc3ff5) Importer(815301076,1909f56bfc062723c751e8b465ee728b)  -> (artifact id: '10548f507ff2ff267d33e767ae062bc1') in 0.041982 seconds 
========================================================================
Received Import Request.
  Time since last request: 0.000048 seconds.
  path: Packages/com.unity.2d.animation/Editor/Assets/SkinningModule/Icons/Dark/d_Bone_Influence@4x.png
  artifactKey: Guid(1e0f2b45945c8254abd59f40d783c11f) Importer(815301076,1909f56bfc062723c751e8b465ee728b)
Start importing Packages/com.unity.2d.animation/Editor/Assets/SkinningModule/Icons/Dark/d_Bone_Influence@4x.png using Guid(1e0f2b45945c8254abd59f40d783c11f) Importer(815301076,1909f56bfc062723c751e8b465ee728b)  -> (artifact id: '459decfd43cf95f760490ee986b9ef4b') in 0.034911 seconds 
========================================================================
Received Import Request.
  Time since last request: 0.000031 seconds.
  path: Packages/com.unity.collab-proxy/Editor/PlasticSCM/Assets/Images/d_colorbuho.png
  artifactKey: Guid(3a0c527d7f890d64a9b56b086e6e766a) Importer(815301076,1909f56bfc062723c751e8b465ee728b)
Start importing Packages/com.unity.collab-proxy/Editor/PlasticSCM/Assets/Images/d_colorbuho.png using Guid(3a0c527d7f890d64a9b56b086e6e766a) Importer(815301076,1909f56bfc062723c751e8b465ee728b)  -> (artifact id: 'f52994ccb8f0432ae8b282bd0044d412') in 0.077449 seconds 
========================================================================
Received Import Request.
  Time since last request: 0.000028 seconds.
  path: Packages/com.unity.2d.animation/Editor/Assets/SkinningModule/Icons/Dark/d_Create_Edge.png
  artifactKey: Guid(7a5bb676bcccfea429f2138b6fbd005e) Importer(815301076,1909f56bfc062723c751e8b465ee728b)
Start importing Packages/com.unity.2d.animation/Editor/Assets/SkinningModule/Icons/Dark/d_Create_Edge.png using Guid(7a5bb676bcccfea429f2138b6fbd005e) Importer(815301076,1909f56bfc062723c751e8b465ee728b)  -> (artifact id: 'd8d66d8512348ebf04d0dbc0f4a37d59') in 0.034332 seconds 
========================================================================
Received Import Request.
  Time since last request: 0.000026 seconds.
  path: Packages/com.unity.2d.animation/Editor/Assets/SkinningModule/Icons/Dark/d_character_Mode@4x.png
  artifactKey: Guid(395f6b9556f14704790df6035be6ee3a) Importer(815301076,1909f56bfc062723c751e8b465ee728b)
Start importing Packages/com.unity.2d.animation/Editor/Assets/SkinningModule/Icons/Dark/d_character_Mode@4x.png using Guid(395f6b9556f14704790df6035be6ee3a) Importer(815301076,1909f56bfc062723c751e8b465ee728b)  -> (artifact id: '4a45b6f4c1fdfb877d0e24ae669754a7') in 0.092819 seconds 
========================================================================
Received Import Request.
  Time since last request: 0.000032 seconds.
  path: Packages/com.unity.2d.animation/Editor/Assets/SkinningModule/Icons/Dark/d_Create_Edge@3x.png
  artifactKey: Guid(9d68cf945428ac2448d4c657f30b31cc) Importer(815301076,1909f56bfc062723c751e8b465ee728b)
Start importing Packages/com.unity.2d.animation/Editor/Assets/SkinningModule/Icons/Dark/d_Create_Edge@3x.png using Guid(9d68cf945428ac2448d4c657f30b31cc) Importer(815301076,1909f56bfc062723c751e8b465ee728b)  -> (artifact id: 'c06349f9588a97793032885f2dc30cd1') in 0.031295 seconds 
========================================================================
Received Import Request.
  Time since last request: 0.000052 seconds.
  path: Packages/com.unity.2d.animation/Editor/Assets/SkinningModule/Icons/Dark/d_Create Bones@3x.png
  artifactKey: Guid(6e2c347c12b3fe04b94007ad25ace23a) Importer(815301076,1909f56bfc062723c751e8b465ee728b)
Start importing Packages/com.unity.2d.animation/Editor/Assets/SkinningModule/Icons/Dark/d_Create Bones@3x.png using Guid(6e2c347c12b3fe04b94007ad25ace23a) Importer(815301076,1909f56bfc062723c751e8b465ee728b)  -> (artifact id: '374e10df3aa859c94946d8661db7f1f4') in 0.052069 seconds 
========================================================================
Received Import Request.
  Time since last request: 0.000025 seconds.
  path: Packages/com.unity.2d.animation/Editor/Assets/SkinningModule/Icons/Dark/d_Copy@3x.png
  artifactKey: Guid(3b5ad4dfc78124a489bb5c48a4b57195) Importer(815301076,1909f56bfc062723c751e8b465ee728b)
Start importing Packages/com.unity.2d.animation/Editor/Assets/SkinningModule/Icons/Dark/d_Copy@3x.png using Guid(3b5ad4dfc78124a489bb5c48a4b57195) Importer(815301076,1909f56bfc062723c751e8b465ee728b)  -> (artifact id: '9a40a068eaa2b92605e98bfda1121dc2') in 0.060070 seconds 
========================================================================
Received Import Request.
  Time since last request: 0.000028 seconds.
  path: Packages/com.unity.2d.animation/Editor/Assets/SkinningModule/Icons/Dark/d_Create_Vertex.png
  artifactKey: Guid(efe4b927ec825b242bf70d64c4258c1e) Importer(815301076,1909f56bfc062723c751e8b465ee728b)
Start importing Packages/com.unity.2d.animation/Editor/Assets/SkinningModule/Icons/Dark/d_Create_Vertex.png using Guid(efe4b927ec825b242bf70d64c4258c1e) Importer(815301076,1909f56bfc062723c751e8b465ee728b)  -> (artifact id: '9ae232524537b45f5de06b20a19040e5') in 0.024885 seconds 
========================================================================
Received Import Request.
  Time since last request: 1.173570 seconds.
  path: Assets/Prefabs/Store_Menu.prefab
  artifactKey: Guid(58cb938a1dd4ea24683a466931992f09) Importer(815301076,1909f56bfc062723c751e8b465ee728b)
Start importing Assets/Prefabs/Store_Menu.prefab using Guid(58cb938a1dd4ea24683a466931992f09) Importer(815301076,1909f56bfc062723c751e8b465ee728b)  -> (artifact id: 'c177b9cd4bdf8d2bf283d7c12153ee3c') in 0.043012 seconds 
========================================================================
Received Import Request.
  Time since last request: 1.577932 seconds.
  path: Packages/com.unity.2d.animation/Editor/Assets/SkinningModule/Icons/Dark/d_Create_Vertex@2x.png
  artifactKey: Guid(80a2a0d76c01997428d4213411145e8c) Importer(815301076,1909f56bfc062723c751e8b465ee728b)
Start importing Packages/com.unity.2d.animation/Editor/Assets/SkinningModule/Icons/Dark/d_Create_Vertex@2x.png using Guid(80a2a0d76c01997428d4213411145e8c) Importer(815301076,1909f56bfc062723c751e8b465ee728b)  -> (artifact id: 'e50752a59a2791b64b4eac2ba4fd7017') in 0.085715 seconds 
========================================================================
Received Import Request.
  Time since last request: 0.000029 seconds.
  path: Packages/com.unity.2d.animation/Editor/Assets/SkinningModule/Icons/Dark/d_Edit_Geometry@2x.png
  artifactKey: Guid(2d2e8c77fdf4f364c83224444f65fb4d) Importer(815301076,1909f56bfc062723c751e8b465ee728b)
Start importing Packages/com.unity.2d.animation/Editor/Assets/SkinningModule/Icons/Dark/d_Edit_Geometry@2x.png using Guid(2d2e8c77fdf4f364c83224444f65fb4d) Importer(815301076,1909f56bfc062723c751e8b465ee728b)  -> (artifact id: 'bd204f34152ad53b07557e4ce25d3a24') in 0.048287 seconds 
========================================================================
Received Import Request.
  Time since last request: 0.962230 seconds.
  path: Packages/com.unity.2d.animation/Editor/Assets/SkinningModule/Icons/Dark/d_Edit_Geometry@3x.png
  artifactKey: Guid(0ff8fd73a1ad1284eb30ab319560b4c7) Importer(815301076,1909f56bfc062723c751e8b465ee728b)
Start importing Packages/com.unity.2d.animation/Editor/Assets/SkinningModule/Icons/Dark/d_Edit_Geometry@3x.png using Guid(0ff8fd73a1ad1284eb30ab319560b4c7) Importer(815301076,1909f56bfc062723c751e8b465ee728b)  -> (artifact id: '339e9e787c69fc912d8d2fcad0064861') in 0.065369 seconds 
========================================================================
Received Import Request.
  Time since last request: 0.000034 seconds.
  path: Packages/com.unity.2d.animation/Editor/Assets/SkinningModule/Icons/Dark/d_Edit_Pose@2x.png
  artifactKey: Guid(5df5eccb22181f040836da1ea19743e8) Importer(815301076,1909f56bfc062723c751e8b465ee728b)
Start importing Packages/com.unity.2d.animation/Editor/Assets/SkinningModule/Icons/Dark/d_Edit_Pose@2x.png using Guid(5df5eccb22181f040836da1ea19743e8) Importer(815301076,1909f56bfc062723c751e8b465ee728b)  -> (artifact id: '672f73358dd482ab99e78fc16b651dd7') in 0.088731 seconds 
========================================================================
Received Import Request.
  Time since last request: 0.000043 seconds.
  path: Packages/com.unity.collab-proxy/Editor/PlasticSCM/Assets/Images/d_expertbuhoshe.png
  artifactKey: Guid(8325d4ef0a6eb3d43952aff8a06d9f45) Importer(815301076,1909f56bfc062723c751e8b465ee728b)
Start importing Packages/com.unity.collab-proxy/Editor/PlasticSCM/Assets/Images/d_expertbuhoshe.png using Guid(8325d4ef0a6eb3d43952aff8a06d9f45) Importer(815301076,1909f56bfc062723c751e8b465ee728b)  -> (artifact id: '53c18d3763312e17dbf2366a5e43fb45') in 0.043355 seconds 
========================================================================
Received Import Request.
  Time since last request: 0.000033 seconds.
  path: Packages/com.unity.2d.animation/Editor/Assets/SkinningModule/Icons/Dark/d_Edit_Joints@3x.png
  artifactKey: Guid(e76bc39dceb8b72439432f8679056c92) Importer(815301076,1909f56bfc062723c751e8b465ee728b)
Start importing Packages/com.unity.2d.animation/Editor/Assets/SkinningModule/Icons/Dark/d_Edit_Joints@3x.png using Guid(e76bc39dceb8b72439432f8679056c92) Importer(815301076,1909f56bfc062723c751e8b465ee728b)  -> (artifact id: '8c96d4795f585b94590e224c85d1e2d2') in 0.075946 seconds 
========================================================================
Received Import Request.
  Time since last request: 0.000032 seconds.
  path: Packages/com.unity.collab-proxy/Editor/PlasticSCM/Assets/Images/d_expertbuhoshechristmas.png
  artifactKey: Guid(372e7b39fc8f34549ac25d8757965a2c) Importer(815301076,1909f56bfc062723c751e8b465ee728b)
Start importing Packages/com.unity.collab-proxy/Editor/PlasticSCM/Assets/Images/d_expertbuhoshechristmas.png using Guid(372e7b39fc8f34549ac25d8757965a2c) Importer(815301076,1909f56bfc062723c751e8b465ee728b)  -> (artifact id: '317d23e647c25b6a1e366d379b3bdba9') in 0.085923 seconds 
========================================================================
Received Import Request.
  Time since last request: 0.000038 seconds.
  path: Packages/com.unity.2d.animation/Editor/Assets/SkinningModule/Icons/Dark/d_Edit_Pose@4x.png
  artifactKey: Guid(4f3a106299767d146975053c7be09b97) Importer(815301076,1909f56bfc062723c751e8b465ee728b)
Start importing Packages/com.unity.2d.animation/Editor/Assets/SkinningModule/Icons/Dark/d_Edit_Pose@4x.png using Guid(4f3a106299767d146975053c7be09b97) Importer(815301076,1909f56bfc062723c751e8b465ee728b)  -> (artifact id: '0f9a86c37eedc1fe045ed08413455e11') in 0.098409 seconds 
========================================================================
Received Import Request.
  Time since last request: 0.000044 seconds.
  path: Packages/com.unity.2d.animation/Editor/Assets/SkinningModule/Icons/Dark/d_Edit_Pose.png
  artifactKey: Guid(7a6cafa65c507e240b7293250b094e10) Importer(815301076,1909f56bfc062723c751e8b465ee728b)
Start importing Packages/com.unity.2d.animation/Editor/Assets/SkinningModule/Icons/Dark/d_Edit_Pose.png using Guid(7a6cafa65c507e240b7293250b094e10) Importer(815301076,1909f56bfc062723c751e8b465ee728b)  -> (artifact id: '59d67235640f42cc728d4a0c21d74615') in 0.085144 seconds 
========================================================================
Received Import Request.
  Time since last request: 0.000030 seconds.
  path: Packages/com.unity.collab-proxy/Editor/PlasticSCM/Assets/Images/d_expertbuho.png
  artifactKey: Guid(13e7e6fe43a8aa049bcd610bbc1f5ff8) Importer(815301076,1909f56bfc062723c751e8b465ee728b)
Start importing Packages/com.unity.collab-proxy/Editor/PlasticSCM/Assets/Images/d_expertbuho.png using Guid(13e7e6fe43a8aa049bcd610bbc1f5ff8) Importer(815301076,1909f56bfc062723c751e8b465ee728b)  -> (artifact id: '5a78cbb65414d8da432b3413d4b00853') in 0.079038 seconds 
========================================================================
Received Import Request.
  Time since last request: 0.000034 seconds.
  path: Packages/com.unity.2d.animation/Editor/Assets/SkinningModule/Icons/Dark/d_Edit_Joints@2x.png
  artifactKey: Guid(eecbc6949fc2aac40bfe64caade7a594) Importer(815301076,1909f56bfc062723c751e8b465ee728b)
Start importing Packages/com.unity.2d.animation/Editor/Assets/SkinningModule/Icons/Dark/d_Edit_Joints@2x.png using Guid(eecbc6949fc2aac40bfe64caade7a594) Importer(815301076,1909f56bfc062723c751e8b465ee728b)  -> (artifact id: 'd246bbafee7b709d149cf315a20654c2') in 0.062262 seconds 
========================================================================
Received Import Request.
  Time since last request: 0.000048 seconds.
  path: Packages/com.unity.2d.animation/Editor/Assets/SkinningModule/Icons/Dark/d_Edit_Joints@4x.png
  artifactKey: Guid(15d3c315af8faf2498573371308b9d3e) Importer(815301076,1909f56bfc062723c751e8b465ee728b)
Start importing Packages/com.unity.2d.animation/Editor/Assets/SkinningModule/Icons/Dark/d_Edit_Joints@4x.png using Guid(15d3c315af8faf2498573371308b9d3e) Importer(815301076,1909f56bfc062723c751e8b465ee728b)  -> (artifact id: '7a11348678ea72f6d6b2ad7949187042') in 0.050824 seconds 
========================================================================
Received Import Request.
  Time since last request: 0.321557 seconds.
  path: Packages/com.unity.2d.animation/Editor/Assets/SkinningModule/Icons/Dark/d_Generate_Weights@3x.png
  artifactKey: Guid(d0e92ddf428f3da4abe78b8ef60e2a84) Importer(815301076,1909f56bfc062723c751e8b465ee728b)
Start importing Packages/com.unity.2d.animation/Editor/Assets/SkinningModule/Icons/Dark/d_Generate_Weights@3x.png using Guid(d0e92ddf428f3da4abe78b8ef60e2a84) Importer(815301076,1909f56bfc062723c751e8b465ee728b)  -> (artifact id: '4db079e199521340e08d73acb8a2bd09') in 0.054508 seconds 
========================================================================
Received Import Request.
  Time since last request: 0.000037 seconds.
  path: Packages/com.unity.2d.tilemap/Editor/Icons/d_Grid.FlipY@2x.png
  artifactKey: Guid(a3c4ea29a117e3f418ded11a50e4d52d) Importer(815301076,1909f56bfc062723c751e8b465ee728b)
Start importing Packages/com.unity.2d.tilemap/Editor/Icons/d_Grid.FlipY@2x.png using Guid(a3c4ea29a117e3f418ded11a50e4d52d) Importer(815301076,1909f56bfc062723c751e8b465ee728b)  -> (artifact id: '0c99760a3a5fcd4f1ea4b5c985008062') in 0.081174 seconds 
========================================================================
Received Import Request.
  Time since last request: 0.000038 seconds.
  path: Packages/com.unity.collab-proxy/Editor/PlasticSCM/Assets/Images/d_genericbuhoshe3.png
  artifactKey: Guid(9bb60d9b0987c3747b57516cc172d0c7) Importer(815301076,1909f56bfc062723c751e8b465ee728b)
Start importing Packages/com.unity.collab-proxy/Editor/PlasticSCM/Assets/Images/d_genericbuhoshe3.png using Guid(9bb60d9b0987c3747b57516cc172d0c7) Importer(815301076,1909f56bfc062723c751e8b465ee728b)  -> (artifact id: '1e7d3161ee44d039ab23774c48bef271') in 0.061258 seconds 
========================================================================
Received Import Request.
  Time since last request: 0.000029 seconds.
  path: Packages/com.unity.2d.tilemap/Editor/Icons/d_Grid.RotateACW@2x.png
  artifactKey: Guid(72124a67bbace794fa38534a24d23cee) Importer(815301076,1909f56bfc062723c751e8b465ee728b)
Start importing Packages/com.unity.2d.tilemap/Editor/Icons/d_Grid.RotateACW@2x.png using Guid(72124a67bbace794fa38534a24d23cee) Importer(815301076,1909f56bfc062723c751e8b465ee728b)  -> (artifact id: 'a14158fbd3eac6dc3cd1673154321637') in 0.072419 seconds 
========================================================================
Received Import Request.
  Time since last request: 0.000041 seconds.
  path: Packages/com.unity.collab-proxy/Editor/PlasticSCM/Assets/Images/d_genericbuhoshe2.png
  artifactKey: Guid(17035c204825f6340a252046ab6476fd) Importer(815301076,1909f56bfc062723c751e8b465ee728b)
Start importing Packages/com.unity.collab-proxy/Editor/PlasticSCM/Assets/Images/d_genericbuhoshe2.png using Guid(17035c204825f6340a252046ab6476fd) Importer(815301076,1909f56bfc062723c751e8b465ee728b)  -> (artifact id: '26a4832decc6664e112b3d45896dc0b7') in 0.126810 seconds 
========================================================================
Received Import Request.
  Time since last request: 0.000039 seconds.
  path: Packages/com.unity.collab-proxy/Editor/PlasticSCM/Assets/Images/d_genericbuhochristmas3.png
  artifactKey: Guid(6fac4e39926fd9c4ca2ba4416160a857) Importer(815301076,1909f56bfc062723c751e8b465ee728b)
Start importing Packages/com.unity.collab-proxy/Editor/PlasticSCM/Assets/Images/d_genericbuhochristmas3.png using Guid(6fac4e39926fd9c4ca2ba4416160a857) Importer(815301076,1909f56bfc062723c751e8b465ee728b)  -> (artifact id: '6df21b0f60e276c0144a6e2d7451a3bd') in 0.155395 seconds 
========================================================================
Received Import Request.
  Time since last request: 0.413415 seconds.
  path: Packages/com.unity.2d.tilemap/Editor/Icons/d_Grid.RotateCW@2x.png
  artifactKey: Guid(e41a6ab3ac7354642a9006c03183e95e) Importer(815301076,1909f56bfc062723c751e8b465ee728b)
Start importing Packages/com.unity.2d.tilemap/Editor/Icons/d_Grid.RotateCW@2x.png using Guid(e41a6ab3ac7354642a9006c03183e95e) Importer(815301076,1909f56bfc062723c751e8b465ee728b)  -> (artifact id: '7489c58572e2dfaf86fd5482f49af429') in 0.091337 seconds 
========================================================================
Received Import Request.
  Time since last request: 0.000036 seconds.
  path: Packages/com.unity.collab-proxy/Editor/PlasticSCM/Assets/Images/d_icondeletedlocaloverlay.png
  artifactKey: Guid(4da274d970a82a943ae3979e7833f3dd) Importer(815301076,1909f56bfc062723c751e8b465ee728b)
Start importing Packages/com.unity.collab-proxy/Editor/PlasticSCM/Assets/Images/d_icondeletedlocaloverlay.png using Guid(4da274d970a82a943ae3979e7833f3dd) Importer(815301076,1909f56bfc062723c751e8b465ee728b)  -> (artifact id: '64df28912eb511c6c660007e7bb41add') in 0.101523 seconds 
========================================================================
Received Import Request.
  Time since last request: 0.000039 seconds.
  path: Packages/com.unity.collab-proxy/Editor/PlasticSCM/Assets/Images/d_icondeletedremoteoverlay@2x.png
  artifactKey: Guid(2cfbf6619eb047545a425e8a31732c83) Importer(815301076,1909f56bfc062723c751e8b465ee728b)
Start importing Packages/com.unity.collab-proxy/Editor/PlasticSCM/Assets/Images/d_icondeletedremoteoverlay@2x.png using Guid(2cfbf6619eb047545a425e8a31732c83) Importer(815301076,1909f56bfc062723c751e8b465ee728b)  -> (artifact id: '19d8258a827b11e9bab42c8475421359') in 0.093387 seconds 
========================================================================
Received Import Request.
  Time since last request: 0.000029 seconds.
  path: Packages/com.unity.collab-proxy/Editor/PlasticSCM/Assets/Images/d_iconconflictresolvedoverlay.png
  artifactKey: Guid(056ee72c467a4e24d87541d42839ca72) Importer(815301076,1909f56bfc062723c751e8b465ee728b)
Start importing Packages/com.unity.collab-proxy/Editor/PlasticSCM/Assets/Images/d_iconconflictresolvedoverlay.png using Guid(056ee72c467a4e24d87541d42839ca72) Importer(815301076,1909f56bfc062723c751e8b465ee728b)  -> (artifact id: 'ef9561de5c3898262711533761abddbf') in 0.083030 seconds 
========================================================================
Received Import Request.
  Time since last request: 0.000035 seconds.
  path: Packages/com.unity.collab-proxy/Editor/PlasticSCM/Assets/Images/d_iconcheckedoutlocaloverlay@2x.png
  artifactKey: Guid(8d98ab6168c3e91439339f1908b8fe97) Importer(815301076,1909f56bfc062723c751e8b465ee728b)
Start importing Packages/com.unity.collab-proxy/Editor/PlasticSCM/Assets/Images/d_iconcheckedoutlocaloverlay@2x.png using Guid(8d98ab6168c3e91439339f1908b8fe97) Importer(815301076,1909f56bfc062723c751e8b465ee728b)  -> (artifact id: 'b1e20933de63df7e4ed46ef76036856c') in 0.157694 seconds 
========================================================================
Received Import Request.
  Time since last request: 0.000035 seconds.
  path: Packages/com.unity.collab-proxy/Editor/PlasticSCM/Assets/Images/d_iconemptygravatar.png
  artifactKey: Guid(9aebd705574f9e642aef1e5f59b3e4d8) Importer(815301076,1909f56bfc062723c751e8b465ee728b)
Start importing Packages/com.unity.collab-proxy/Editor/PlasticSCM/Assets/Images/d_iconemptygravatar.png using Guid(9aebd705574f9e642aef1e5f59b3e4d8) Importer(815301076,1909f56bfc062723c751e8b465ee728b)  -> (artifact id: 'd0edd50bac6fd3d85f56a3d9dd51ea01') in 0.092255 seconds 
========================================================================
Received Import Request.
  Time since last request: 0.568922 seconds.
  path: Packages/com.unity.collab-proxy/Editor/PlasticSCM/Assets/Images/d_iconlockedlocaloverlay.png
  artifactKey: Guid(71c45f80bffdb9145ad2c456254c862e) Importer(815301076,1909f56bfc062723c751e8b465ee728b)
Start importing Packages/com.unity.collab-proxy/Editor/PlasticSCM/Assets/Images/d_iconlockedlocaloverlay.png using Guid(71c45f80bffdb9145ad2c456254c862e) Importer(815301076,1909f56bfc062723c751e8b465ee728b)  -> (artifact id: 'ce0683748827556b86249e2af2513ab7') in 0.101979 seconds 
========================================================================
Received Import Request.
  Time since last request: 0.000035 seconds.
  path: Packages/com.unity.collab-proxy/Editor/PlasticSCM/Assets/Images/d_iconplasticview.png
  artifactKey: Guid(519d97e745e55f041b609f3666cbc037) Importer(815301076,1909f56bfc062723c751e8b465ee728b)
Start importing Packages/com.unity.collab-proxy/Editor/PlasticSCM/Assets/Images/d_iconplasticview.png using Guid(519d97e745e55f041b609f3666cbc037) Importer(815301076,1909f56bfc062723c751e8b465ee728b)  -> (artifact id: 'cb6483ff8e7d4f5947deb9ddb8db74c7') in 0.062803 seconds 
========================================================================
Received Import Request.
  Time since last request: 0.000043 seconds.
  path: Packages/com.unity.collab-proxy/Editor/PlasticSCM/Assets/Images/d_iconplasticnotifyincoming@2x.png
  artifactKey: Guid(c5fc116b3271b5947808130b2212cd60) Importer(815301076,1909f56bfc062723c751e8b465ee728b)
Start importing Packages/com.unity.collab-proxy/Editor/PlasticSCM/Assets/Images/d_iconplasticnotifyincoming@2x.png using Guid(c5fc116b3271b5947808130b2212cd60) Importer(815301076,1909f56bfc062723c751e8b465ee728b)  -> (artifact id: 'c4e80b4937ac0d0605dedca7b1ff0300') in 0.093221 seconds 
========================================================================
Received Import Request.
  Time since last request: 0.000047 seconds.
  path: Packages/com.unity.collab-proxy/Editor/PlasticSCM/Assets/Images/d_iconoutofsyncoverlay.png
  artifactKey: Guid(dc633de6e6e7415448c7568418239a9d) Importer(815301076,1909f56bfc062723c751e8b465ee728b)
Start importing Packages/com.unity.collab-proxy/Editor/PlasticSCM/Assets/Images/d_iconoutofsyncoverlay.png using Guid(dc633de6e6e7415448c7568418239a9d) Importer(815301076,1909f56bfc062723c751e8b465ee728b)  -> (artifact id: 'd748d1d693f89a08a2b8f1ceab6134ec') in 0.088541 seconds 
========================================================================
Received Import Request.
  Time since last request: 0.560235 seconds.
  path: Packages/com.unity.collab-proxy/Editor/PlasticSCM/Assets/Images/d_iconplasticviewnotify@2x.png
  artifactKey: Guid(64eb0648ca0d11944a9517d8662508fd) Importer(815301076,1909f56bfc062723c751e8b465ee728b)
Start importing Packages/com.unity.collab-proxy/Editor/PlasticSCM/Assets/Images/d_iconplasticviewnotify@2x.png using Guid(64eb0648ca0d11944a9517d8662508fd) Importer(815301076,1909f56bfc062723c751e8b465ee728b)  -> (artifact id: 'd754b97ecc3cace0891c1398bd25b0bd') in 0.050255 seconds 
========================================================================
Received Import Request.
  Time since last request: 0.000036 seconds.
  path: Packages/com.unity.collab-proxy/Editor/PlasticSCM/Assets/Images/d_iconundo.png
  artifactKey: Guid(691dc543ff5b9ca44bf846657ba04161) Importer(815301076,1909f56bfc062723c751e8b465ee728b)
Start importing Packages/com.unity.collab-proxy/Editor/PlasticSCM/Assets/Images/d_iconundo.png using Guid(691dc543ff5b9ca44bf846657ba04161) Importer(815301076,1909f56bfc062723c751e8b465ee728b)  -> (artifact id: 'daf89a57947485ba82a71b420d03b147') in 0.060564 seconds 
========================================================================
Received Import Request.
  Time since last request: 3.283993 seconds.
  path: Packages/com.unity.2d.animation/Editor/Assets/SkinningModule/Icons/Dark/d_Split_Edge@3x.png
  artifactKey: Guid(03cb0f9b9d35a14499ccade97f1b3da1) Importer(815301076,1909f56bfc062723c751e8b465ee728b)
Start importing Packages/com.unity.2d.animation/Editor/Assets/SkinningModule/Icons/Dark/d_Split_Edge@3x.png using Guid(03cb0f9b9d35a14499ccade97f1b3da1) Importer(815301076,1909f56bfc062723c751e8b465ee728b)  -> (artifact id: 'ec58194018f39f54f543137e2629baa1') in 0.170600 seconds 
========================================================================
Received Import Request.
  Time since last request: 1.378333 seconds.
  path: Packages/com.unity.2d.animation/Editor/Assets/SkinningModule/Icons/Dark/d_Visibility_Tool@2x 1.png
  artifactKey: Guid(1c5db39ecfdc3764c9b3874920a80999) Importer(815301076,1909f56bfc062723c751e8b465ee728b)
Start importing Packages/com.unity.2d.animation/Editor/Assets/SkinningModule/Icons/Dark/d_Visibility_Tool@2x 1.png using Guid(1c5db39ecfdc3764c9b3874920a80999) Importer(815301076,1909f56bfc062723c751e8b465ee728b)  -> (artifact id: 'cb7d37b003ee3929dc98c109088c7b06') in 0.094577 seconds 
========================================================================
Received Import Request.
  Time since last request: 2.510650 seconds.
  path: Packages/com.unity.2d.animation/Editor/Assets/SkinningModule/Icons/Light/Edit_Pose@3x.png
  artifactKey: Guid(32854586e42553846b24646ce18cf625) Importer(815301076,1909f56bfc062723c751e8b465ee728b)
Start importing Packages/com.unity.2d.animation/Editor/Assets/SkinningModule/Icons/Light/Edit_Pose@3x.png using Guid(32854586e42553846b24646ce18cf625) Importer(815301076,1909f56bfc062723c751e8b465ee728b)  -> (artifact id: '4c312cb61b4e587892daf47c8d950f44') in 0.110632 seconds 
========================================================================
Received Import Request.
  Time since last request: 0.000028 seconds.
  path: Packages/com.unity.2d.animation/Editor/Assets/SkinningModule/Icons/Light/Generate_Geometry@4x.png
  artifactKey: Guid(a4c77cea19fd0f84581d6e437a86290c) Importer(815301076,1909f56bfc062723c751e8b465ee728b)
Start importing Packages/com.unity.2d.animation/Editor/Assets/SkinningModule/Icons/Light/Generate_Geometry@4x.png using Guid(a4c77cea19fd0f84581d6e437a86290c) Importer(815301076,1909f56bfc062723c751e8b465ee728b)  -> (artifact id: '12ae42202caa9a59553263867dc7bf57') in 0.148607 seconds 
========================================================================
Received Import Request.
  Time since last request: 0.000032 seconds.
  path: Packages/com.unity.2d.animation/Editor/Assets/SkinningModule/Icons/Light/Generate_Weights@3x.png
  artifactKey: Guid(ed5ce024c84dbdb42ac5037d03e7c039) Importer(815301076,1909f56bfc062723c751e8b465ee728b)
Start importing Packages/com.unity.2d.animation/Editor/Assets/SkinningModule/Icons/Light/Generate_Weights@3x.png using Guid(ed5ce024c84dbdb42ac5037d03e7c039) Importer(815301076,1909f56bfc062723c751e8b465ee728b)  -> (artifact id: 'e76c30b346fd18e0c8715d9a0d18fbb5') in 0.068226 seconds 
========================================================================
Received Import Request.
  Time since last request: 0.000041 seconds.
  path: Packages/com.unity.2d.animation/Editor/Assets/SkinningModule/Icons/Selected/Generate_Geometry.png
  artifactKey: Guid(41842964c48860f46b45e7b3d5986e07) Importer(815301076,1909f56bfc062723c751e8b465ee728b)
Start importing Packages/com.unity.2d.animation/Editor/Assets/SkinningModule/Icons/Selected/Generate_Geometry.png using Guid(41842964c48860f46b45e7b3d5986e07) Importer(815301076,1909f56bfc062723c751e8b465ee728b)  -> (artifact id: '0719c51b52f6136a762501a2132ab15b') in 0.116143 seconds 
========================================================================
Received Import Request.
  Time since last request: 0.000029 seconds.
  path: Packages/com.unity.2d.animation/Editor/Assets/SkinningModule/Icons/Selected/Generate_Weights.png
  artifactKey: Guid(2892d6ec6ca2a1f45adbd52fdb96fcfe) Importer(815301076,1909f56bfc062723c751e8b465ee728b)
Start importing Packages/com.unity.2d.animation/Editor/Assets/SkinningModule/Icons/Selected/Generate_Weights.png using Guid(2892d6ec6ca2a1f45adbd52fdb96fcfe) Importer(815301076,1909f56bfc062723c751e8b465ee728b)  -> (artifact id: 'f898193021c93ca6389f079b68eb2f1a') in 0.069907 seconds 
========================================================================
Received Import Request.
  Time since last request: 0.000031 seconds.
  path: Packages/com.unity.2d.tilemap/Editor/Icons/Grid.FlipX@2x.png
  artifactKey: Guid(367a9e3649215be42869f99bdeecbab6) Importer(815301076,1909f56bfc062723c751e8b465ee728b)
Start importing Packages/com.unity.2d.tilemap/Editor/Icons/Grid.FlipX@2x.png using Guid(367a9e3649215be42869f99bdeecbab6) Importer(815301076,1909f56bfc062723c751e8b465ee728b)  -> (artifact id: '020da6c36e17c14232cb0d1b66fe52ed') in 0.152660 seconds 
========================================================================
Received Import Request.
  Time since last request: 0.000041 seconds.
  path: Packages/com.unity.2d.tilemap/Editor/Icons/Grid.RotateACW.png
  artifactKey: Guid(28df830b98d0a3f44b58e73d78060ab0) Importer(815301076,1909f56bfc062723c751e8b465ee728b)
Start importing Packages/com.unity.2d.tilemap/Editor/Icons/Grid.RotateACW.png using Guid(28df830b98d0a3f44b58e73d78060ab0) Importer(815301076,1909f56bfc062723c751e8b465ee728b)  -> (artifact id: 'e8dfb93d3985a7b1ee02d06af54668a4') in 0.077068 seconds 
========================================================================
Received Import Request.
  Time since last request: 0.336608 seconds.
  path: Packages/com.unity.2d.sprite/Editor/ObjectMenuCreation/DefaultAssets/Textures/HexagonFlat-TopWithBorder.png
  artifactKey: Guid(a9716c16a44a94eed9b5c90fbf4d9bdd) Importer(815301076,1909f56bfc062723c751e8b465ee728b)
Start importing Packages/com.unity.2d.sprite/Editor/ObjectMenuCreation/DefaultAssets/Textures/HexagonFlat-TopWithBorder.png using Guid(a9716c16a44a94eed9b5c90fbf4d9bdd) Importer(815301076,1909f56bfc062723c751e8b465ee728b)  -> (artifact id: '49dbb54c3866d71ae6ebbff6e280d57a') in 0.110688 seconds 
========================================================================
Received Import Request.
  Time since last request: 0.000029 seconds.
  path: Packages/com.unity.collab-proxy/Editor/PlasticSCM/Assets/Images/iconaddedlocal@2x.png
  artifactKey: Guid(a67b58d6cddcd4345b1e001340de5a76) Importer(815301076,1909f56bfc062723c751e8b465ee728b)
Start importing Packages/com.unity.collab-proxy/Editor/PlasticSCM/Assets/Images/iconaddedlocal@2x.png using Guid(a67b58d6cddcd4345b1e001340de5a76) Importer(815301076,1909f56bfc062723c751e8b465ee728b)  -> (artifact id: '50cf50cfe53da595d2ec8e18d9fa9e63') in 0.088446 seconds 
========================================================================
Received Import Request.
  Time since last request: 0.000039 seconds.
  path: Packages/com.unity.2d.sprite/Editor/ObjectMenuCreation/DefaultAssets/Textures/v2/HexagonPointedTop.png
  artifactKey: Guid(5aa8b770bc43046bc8d993d0d5b7f4a5) Importer(815301076,1909f56bfc062723c751e8b465ee728b)
Start importing Packages/com.unity.2d.sprite/Editor/ObjectMenuCreation/DefaultAssets/Textures/v2/HexagonPointedTop.png using Guid(5aa8b770bc43046bc8d993d0d5b7f4a5) Importer(815301076,1909f56bfc062723c751e8b465ee728b)  -> (artifact id: 'e91909ea512c2d59c55bee64f396130d') in 0.101874 seconds 
========================================================================
Received Import Request.
  Time since last request: 0.043150 seconds.
  path: Packages/com.unity.collab-proxy/Editor/PlasticSCM/Assets/Images/iconbranch.png
  artifactKey: Guid(a6219d44b6fc910449f7c3fee45db5c5) Importer(815301076,1909f56bfc062723c751e8b465ee728b)
Start importing Packages/com.unity.collab-proxy/Editor/PlasticSCM/Assets/Images/iconbranch.png using Guid(a6219d44b6fc910449f7c3fee45db5c5) Importer(815301076,1909f56bfc062723c751e8b465ee728b)  -> (artifact id: '9ee7aeb6f5e78d49c5456969d28880d9') in 0.057426 seconds 
========================================================================
Received Import Request.
  Time since last request: 0.000026 seconds.
  path: Packages/com.unity.collab-proxy/Editor/PlasticSCM/Assets/Images/iconclosebutton.png
  artifactKey: Guid(13527793884104b46b7446fd7464c3ed) Importer(815301076,1909f56bfc062723c751e8b465ee728b)
Start importing Packages/com.unity.collab-proxy/Editor/PlasticSCM/Assets/Images/iconclosebutton.png using Guid(13527793884104b46b7446fd7464c3ed) Importer(815301076,1909f56bfc062723c751e8b465ee728b)  -> (artifact id: '4a4bf97be2dd6b37c63b84d446461050') in 0.106271 seconds 
========================================================================
Received Import Request.
  Time since last request: 557.242241 seconds.
  path: Packages/com.unity.2d.animation/Editor/Assets/SkinningModule/Icons/Light/Visibility_Tool@3x.png
  artifactKey: Guid(ec23e33668eecff4aaec16f735dcc204) Importer(815301076,1909f56bfc062723c751e8b465ee728b)
Start importing Packages/com.unity.2d.animation/Editor/Assets/SkinningModule/Icons/Light/Visibility_Tool@3x.png using Guid(ec23e33668eecff4aaec16f735dcc204) Importer(815301076,1909f56bfc062723c751e8b465ee728b)  -> (artifact id: 'ad361f5602f258cc29f4ebeb82bc2ca9') in 0.094160 seconds 
========================================================================
Received Import Request.
  Time since last request: 0.000037 seconds.
  path: Packages/com.unity.2d.animation/Editor/Assets/SkinningModule/Icons/Selected/Weight_Brush@4x.png
  artifactKey: Guid(48464cd53bb3c604f999e7d3f15e8d09) Importer(815301076,1909f56bfc062723c751e8b465ee728b)
Start importing Packages/com.unity.2d.animation/Editor/Assets/SkinningModule/Icons/Selected/Weight_Brush@4x.png using Guid(48464cd53bb3c604f999e7d3f15e8d09) Importer(815301076,1909f56bfc062723c751e8b465ee728b)  -> (artifact id: '6753a8e54abdfc418a405891e40d056c') in 0.067718 seconds 
========================================================================
Received Import Request.
  Time since last request: 0.000029 seconds.
  path: Packages/com.unity.2d.animation/Editor/Assets/SkinningModule/Icons/Selected/Visibility_Tool@4x.png
  artifactKey: Guid(f082e69f825d0aa44b687e592731c0a8) Importer(815301076,1909f56bfc062723c751e8b465ee728b)
Start importing Packages/com.unity.2d.animation/Editor/Assets/SkinningModule/Icons/Selected/Visibility_Tool@4x.png using Guid(f082e69f825d0aa44b687e592731c0a8) Importer(815301076,1909f56bfc062723c751e8b465ee728b)  -> (artifact id: '54d6817ba3a9e247f840019fee6f213d') in 0.148290 seconds 
========================================================================
Received Import Request.
  Time since last request: 0.000034 seconds.
  path: Packages/com.unity.2d.animation/Editor/Assets/SkinningModule/Icons/Light/Weight_Brush@4x.png
  artifactKey: Guid(3dd5e5c693a816e4f96b869f6465955b) Importer(815301076,1909f56bfc062723c751e8b465ee728b)
Start importing Packages/com.unity.2d.animation/Editor/Assets/SkinningModule/Icons/Light/Weight_Brush@4x.png using Guid(3dd5e5c693a816e4f96b869f6465955b) Importer(815301076,1909f56bfc062723c751e8b465ee728b)  -> (artifact id: '1614742bffaf114048a57e72a315ab5e') in 0.069398 seconds 
========================================================================
Received Import Request.
  Time since last request: 0.000042 seconds.
  path: Packages/com.unity.2d.animation/Editor/Assets/SkinningModule/Icons/Selected/Weight_Slider@4x.png
  artifactKey: Guid(ac47ed8ccc79cf04dae198b9cc5b3a6f) Importer(815301076,1909f56bfc062723c751e8b465ee728b)
Start importing Packages/com.unity.2d.animation/Editor/Assets/SkinningModule/Icons/Selected/Weight_Slider@4x.png using Guid(ac47ed8ccc79cf04dae198b9cc5b3a6f) Importer(815301076,1909f56bfc062723c751e8b465ee728b)  -> (artifact id: '46698fafa632e0274fc07f6a966dac74') in 0.072724 seconds 
========================================================================
Received Import Request.
  Time since last request: 0.000028 seconds.
  path: Packages/com.unity.2d.animation/Editor/Assets/SkinningModule/Icons/Light/Visibility_Tool@4x.png
  artifactKey: Guid(216c53aef79eaaf40a1800cc5e542dc3) Importer(815301076,1909f56bfc062723c751e8b465ee728b)
Start importing Packages/com.unity.2d.animation/Editor/Assets/SkinningModule/Icons/Light/Visibility_Tool@4x.png using Guid(216c53aef79eaaf40a1800cc5e542dc3) Importer(815301076,1909f56bfc062723c751e8b465ee728b)  -> (artifact id: '792fbecea17b4b973545bda26ac4826b') in 0.078071 seconds 
========================================================================
Received Import Request.
  Time since last request: 0.000027 seconds.
  path: Packages/com.unity.2d.animation/Editor/Assets/SkinningModule/Icons/Light/Weight_Brush@2x.png
  artifactKey: Guid(17d3bf7425a0748489ce3633e38652db) Importer(815301076,1909f56bfc062723c751e8b465ee728b)
Start importing Packages/com.unity.2d.animation/Editor/Assets/SkinningModule/Icons/Light/Weight_Brush@2x.png using Guid(17d3bf7425a0748489ce3633e38652db) Importer(815301076,1909f56bfc062723c751e8b465ee728b)  -> (artifact id: 'd64ed91ae4aa840b9d25589eaa1b9a73') in 0.090547 seconds 
========================================================================
Received Import Request.
  Time since last request: 0.000034 seconds.
  path: Packages/com.unity.2d.animation/Editor/Assets/SkinningModule/Icons/Light/Weight_Slider@2x.png
  artifactKey: Guid(6306a4776b130304bba7a139fc1d2bb8) Importer(815301076,1909f56bfc062723c751e8b465ee728b)
Start importing Packages/com.unity.2d.animation/Editor/Assets/SkinningModule/Icons/Light/Weight_Slider@2x.png using Guid(6306a4776b130304bba7a139fc1d2bb8) Importer(815301076,1909f56bfc062723c751e8b465ee728b)  -> (artifact id: 'ae67f7acfcd2d8853a3498d05e764f17') in 0.068852 seconds 
========================================================================
Received Import Request.
  Time since last request: 0.000041 seconds.
  path: Packages/com.unity.2d.animation/Editor/Assets/SkinningModule/Icons/Selected/Weight_Brush@2x.png
  artifactKey: Guid(bb668641abe10a64891e26613cf530ee) Importer(815301076,1909f56bfc062723c751e8b465ee728b)
Start importing Packages/com.unity.2d.animation/Editor/Assets/SkinningModule/Icons/Selected/Weight_Brush@2x.png using Guid(bb668641abe10a64891e26613cf530ee) Importer(815301076,1909f56bfc062723c751e8b465ee728b)  -> (artifact id: '54efb20c1805d1f71a72a579770adaa6') in 0.068955 seconds 
========================================================================
Received Import Request.
  Time since last request: 0.000032 seconds.
  path: Packages/com.unity.2d.animation/Editor/Assets/SkinningModule/Icons/Selected/Weight_Slider@2x.png
  artifactKey: Guid(7f64a6e091143c0458506b559165cf72) Importer(815301076,1909f56bfc062723c751e8b465ee728b)
Start importing Packages/com.unity.2d.animation/Editor/Assets/SkinningModule/Icons/Selected/Weight_Slider@2x.png using Guid(7f64a6e091143c0458506b559165cf72) Importer(815301076,1909f56bfc062723c751e8b465ee728b)  -> (artifact id: 'e77ab15ac8b96c280f43138fb3edf465') in 0.066612 seconds 
Editor requested this worker to shutdown with reason: Scaling down because of idle timeout
AssetImportWorker is now disconnected from the server
Process exiting
Exiting without the bug reporter. Application will terminate with return code 0